{"/Users/zach/dev/ink-cli/packages/analysis/debug-call-graph.ts": {"path":"/Users/zach/dev/ink-cli/packages/analysis/debug-call-graph.ts","all":true,"statementMap":{"0":{"start":{"line":1,"column":0},"end":{"line":1,"column":58}},"4":{"start":{"line":5,"column":0},"end":{"line":5,"column":39}},"5":{"start":{"line":6,"column":0},"end":{"line":6,"column":3}},"6":{"start":{"line":7,"column":0},"end":{"line":7,"column":31}},"7":{"start":{"line":8,"column":0},"end":{"line":8,"column":15}},"8":{"start":{"line":9,"column":0},"end":{"line":9,"column":7}},"9":{"start":{"line":10,"column":0},"end":{"line":10,"column":25}},"10":{"start":{"line":11,"column":0},"end":{"line":11,"column":21}},"11":{"start":{"line":12,"column":0},"end":{"line":12,"column":16}},"12":{"start":{"line":13,"column":0},"end":{"line":13,"column":39}},"13":{"start":{"line":14,"column":0},"end":{"line":14,"column":7}},"14":{"start":{"line":15,"column":0},"end":{"line":15,"column":6}},"15":{"start":{"line":16,"column":0},"end":{"line":16,"column":22}},"16":{"start":{"line":17,"column":0},"end":{"line":17,"column":7}},"17":{"start":{"line":18,"column":0},"end":{"line":18,"column":25}},"18":{"start":{"line":19,"column":0},"end":{"line":19,"column":25}},"19":{"start":{"line":20,"column":0},"end":{"line":20,"column":16}},"20":{"start":{"line":21,"column":0},"end":{"line":21,"column":35}},"21":{"start":{"line":22,"column":0},"end":{"line":22,"column":30}},"22":{"start":{"line":23,"column":0},"end":{"line":23,"column":24}},"23":{"start":{"line":24,"column":0},"end":{"line":24,"column":7}},"24":{"start":{"line":25,"column":0},"end":{"line":25,"column":6}},"25":{"start":{"line":26,"column":0},"end":{"line":26,"column":94}},"26":{"start":{"line":27,"column":0},"end":{"line":27,"column":17}},"27":{"start":{"line":28,"column":0},"end":{"line":28,"column":4}},"28":{"start":{"line":29,"column":0},"end":{"line":29,"column":3}},"29":{"start":{"line":30,"column":0},"end":{"line":30,"column":31}},"30":{"start":{"line":31,"column":0},"end":{"line":31,"column":15}},"31":{"start":{"line":32,"column":0},"end":{"line":32,"column":7}},"32":{"start":{"line":33,"column":0},"end":{"line":33,"column":25}},"33":{"start":{"line":34,"column":0},"end":{"line":34,"column":23}},"34":{"start":{"line":35,"column":0},"end":{"line":35,"column":16}},"35":{"start":{"line":36,"column":0},"end":{"line":36,"column":41}},"36":{"start":{"line":37,"column":0},"end":{"line":37,"column":7}},"37":{"start":{"line":38,"column":0},"end":{"line":38,"column":6}},"38":{"start":{"line":39,"column":0},"end":{"line":39,"column":24}},"39":{"start":{"line":40,"column":0},"end":{"line":40,"column":94}},"40":{"start":{"line":41,"column":0},"end":{"line":41,"column":17}},"41":{"start":{"line":42,"column":0},"end":{"line":42,"column":3}},"42":{"start":{"line":43,"column":0},"end":{"line":43,"column":2}},"44":{"start":{"line":45,"column":0},"end":{"line":45,"column":50}},"46":{"start":{"line":47,"column":0},"end":{"line":47,"column":65}},"47":{"start":{"line":48,"column":0},"end":{"line":48,"column":71}},"48":{"start":{"line":49,"column":0},"end":{"line":49,"column":86}},"51":{"start":{"line":52,"column":0},"end":{"line":52,"column":64}},"52":{"start":{"line":53,"column":0},"end":{"line":53,"column":76}},"55":{"start":{"line":56,"column":0},"end":{"line":56,"column":78}},"56":{"start":{"line":57,"column":0},"end":{"line":57,"column":92}}},"s":{"0":0,"4":0,"5":0,"6":0,"7":0,"8":0,"9":0,"10":0,"11":0,"12":0,"13":0,"14":0,"15":0,"16":0,"17":0,"18":0,"19":0,"20":0,"21":0,"22":0,"23":0,"24":0,"25":0,"26":0,"27":0,"28":0,"29":0,"30":0,"31":0,"32":0,"33":0,"34":0,"35":0,"36":0,"37":0,"38":0,"39":0,"40":0,"41":0,"42":0,"44":0,"46":0,"47":0,"48":0,"51":0,"52":0,"55":0,"56":0},"branchMap":{"0":{"type":"branch","line":1,"loc":{"start":{"line":1,"column":1660},"end":{"line":57,"column":92}},"locations":[{"start":{"line":1,"column":1660},"end":{"line":57,"column":92}}]}},"b":{"0":[0]},"fnMap":{"0":{"name":"(empty-report)","decl":{"start":{"line":1,"column":1660},"end":{"line":57,"column":92}},"loc":{"start":{"line":1,"column":1660},"end":{"line":57,"column":92}},"line":1}},"f":{"0":0}}
,"/Users/zach/dev/ink-cli/packages/analysis/tsdown.config.ts": {"path":"/Users/zach/dev/ink-cli/packages/analysis/tsdown.config.ts","all":true,"statementMap":{"0":{"start":{"line":1,"column":0},"end":{"line":1,"column":38}},"2":{"start":{"line":3,"column":0},"end":{"line":3,"column":29}},"3":{"start":{"line":4,"column":0},"end":{"line":4,"column":26}},"4":{"start":{"line":5,"column":0},"end":{"line":5,"column":18}},"5":{"start":{"line":6,"column":0},"end":{"line":6,"column":12}},"6":{"start":{"line":7,"column":0},"end":{"line":7,"column":14}},"7":{"start":{"line":8,"column":0},"end":{"line":8,"column":16}},"8":{"start":{"line":9,"column":0},"end":{"line":9,"column":17}},"9":{"start":{"line":10,"column":0},"end":{"line":10,"column":3}}},"s":{"0":0,"2":0,"3":0,"4":0,"5":0,"6":0,"7":0,"8":0,"9":0},"branchMap":{"0":{"type":"branch","line":1,"loc":{"start":{"line":1,"column":182},"end":{"line":10,"column":3}},"locations":[{"start":{"line":1,"column":182},"end":{"line":10,"column":3}}]}},"b":{"0":[0]},"fnMap":{"0":{"name":"(empty-report)","decl":{"start":{"line":1,"column":182},"end":{"line":10,"column":3}},"loc":{"start":{"line":1,"column":182},"end":{"line":10,"column":3}},"line":1}},"f":{"0":0}}
,"/Users/zach/dev/ink-cli/packages/analysis/src/index.ts": {"path":"/Users/zach/dev/ink-cli/packages/analysis/src/index.ts","all":false,"statementMap":{"0":{"start":{"line":1,"column":0},"end":{"line":1,"column":52}},"1":{"start":{"line":2,"column":0},"end":{"line":2,"column":75}},"2":{"start":{"line":3,"column":0},"end":{"line":3,"column":81}},"3":{"start":{"line":4,"column":0},"end":{"line":4,"column":75}},"5":{"start":{"line":6,"column":0},"end":{"line":6,"column":54}},"18":{"start":{"line":19,"column":0},"end":{"line":19,"column":51}},"19":{"start":{"line":20,"column":0},"end":{"line":20,"column":74}}},"s":{"0":1,"1":1,"2":1,"3":1,"5":1,"18":1,"19":1},"branchMap":{},"b":{},"fnMap":{},"f":{}}
,"/Users/zach/dev/ink-cli/packages/analysis/src/types.ts": {"path":"/Users/zach/dev/ink-cli/packages/analysis/src/types.ts","all":true,"statementMap":{},"s":{},"branchMap":{"0":{"type":"branch","line":1,"loc":{"start":{"line":1,"column":4690},"end":{"line":236,"column":68}},"locations":[{"start":{"line":1,"column":4690},"end":{"line":236,"column":68}}]}},"b":{"0":[1]},"fnMap":{"0":{"name":"(empty-report)","decl":{"start":{"line":1,"column":4690},"end":{"line":236,"column":68}},"loc":{"start":{"line":1,"column":4690},"end":{"line":236,"column":68}},"line":1}},"f":{"0":1}}
,"/Users/zach/dev/ink-cli/packages/analysis/src/engine/analyzer.ts": {"path":"/Users/zach/dev/ink-cli/packages/analysis/src/engine/analyzer.ts","all":false,"statementMap":{"0":{"start":{"line":1,"column":0},"end":{"line":1,"column":20}},"1":{"start":{"line":2,"column":0},"end":{"line":2,"column":28}},"2":{"start":{"line":3,"column":0},"end":{"line":3,"column":8}},"7":{"start":{"line":8,"column":0},"end":{"line":8,"column":64}},"10":{"start":{"line":11,"column":0},"end":{"line":11,"column":29}},"11":{"start":{"line":12,"column":0},"end":{"line":12,"column":18}},"12":{"start":{"line":13,"column":0},"end":{"line":13,"column":31}},"13":{"start":{"line":14,"column":0},"end":{"line":14,"column":25}},"14":{"start":{"line":15,"column":0},"end":{"line":15,"column":43}},"16":{"start":{"line":17,"column":0},"end":{"line":17,"column":33}},"17":{"start":{"line":18,"column":0},"end":{"line":18,"column":9}},"18":{"start":{"line":19,"column":0},"end":{"line":19,"column":56}},"19":{"start":{"line":20,"column":0},"end":{"line":20,"column":63}},"20":{"start":{"line":21,"column":0},"end":{"line":21,"column":29}},"21":{"start":{"line":22,"column":0},"end":{"line":22,"column":21}},"24":{"start":{"line":25,"column":0},"end":{"line":25,"column":10}},"25":{"start":{"line":26,"column":0},"end":{"line":26,"column":33}},"26":{"start":{"line":27,"column":0},"end":{"line":27,"column":44}},"27":{"start":{"line":28,"column":0},"end":{"line":28,"column":45}},"28":{"start":{"line":29,"column":0},"end":{"line":29,"column":49}},"29":{"start":{"line":30,"column":0},"end":{"line":30,"column":9}},"30":{"start":{"line":31,"column":0},"end":{"line":31,"column":83}},"31":{"start":{"line":32,"column":0},"end":{"line":32,"column":14}},"33":{"start":{"line":34,"column":0},"end":{"line":34,"column":20}},"34":{"start":{"line":35,"column":0},"end":{"line":35,"column":7}},"35":{"start":{"line":36,"column":0},"end":{"line":36,"column":5}},"36":{"start":{"line":37,"column":0},"end":{"line":37,"column":3}},"38":{"start":{"line":39,"column":0},"end":{"line":39,"column":17}},"39":{"start":{"line":40,"column":0},"end":{"line":40,"column":1}},"41":{"start":{"line":42,"column":0},"end":{"line":42,"column":28}},"42":{"start":{"line":43,"column":0},"end":{"line":43,"column":19}},"43":{"start":{"line":44,"column":0},"end":{"line":44,"column":18}},"44":{"start":{"line":45,"column":0},"end":{"line":45,"column":31}},"45":{"start":{"line":46,"column":0},"end":{"line":46,"column":23}},"46":{"start":{"line":47,"column":0},"end":{"line":47,"column":56}},"47":{"start":{"line":48,"column":0},"end":{"line":48,"column":13}},"48":{"start":{"line":49,"column":0},"end":{"line":49,"column":17}},"49":{"start":{"line":50,"column":0},"end":{"line":50,"column":24}},"50":{"start":{"line":51,"column":0},"end":{"line":51,"column":15}},"51":{"start":{"line":52,"column":0},"end":{"line":52,"column":22}},"52":{"start":{"line":53,"column":0},"end":{"line":53,"column":21}},"53":{"start":{"line":54,"column":0},"end":{"line":54,"column":18}},"54":{"start":{"line":55,"column":0},"end":{"line":55,"column":16}},"55":{"start":{"line":56,"column":0},"end":{"line":56,"column":24}},"56":{"start":{"line":57,"column":0},"end":{"line":57,"column":6}},"57":{"start":{"line":58,"column":0},"end":{"line":58,"column":42}},"58":{"start":{"line":59,"column":0},"end":{"line":59,"column":5}},"61":{"start":{"line":62,"column":0},"end":{"line":62,"column":33}},"62":{"start":{"line":63,"column":0},"end":{"line":63,"column":9}},"63":{"start":{"line":64,"column":0},"end":{"line":64,"column":57}},"64":{"start":{"line":65,"column":0},"end":{"line":65,"column":21}},"65":{"start":{"line":66,"column":0},"end":{"line":66,"column":19}},"66":{"start":{"line":67,"column":0},"end":{"line":67,"column":113}},"67":{"start":{"line":68,"column":0},"end":{"line":68,"column":8}},"68":{"start":{"line":69,"column":0},"end":{"line":69,"column":33}},"69":{"start":{"line":70,"column":0},"end":{"line":70,"column":5}},"70":{"start":{"line":71,"column":0},"end":{"line":71,"column":3}},"73":{"start":{"line":74,"column":0},"end":{"line":74,"column":70}},"74":{"start":{"line":75,"column":0},"end":{"line":75,"column":68}},"76":{"start":{"line":77,"column":0},"end":{"line":77,"column":18}},"78":{"start":{"line":79,"column":0},"end":{"line":79,"column":31}},"79":{"start":{"line":80,"column":0},"end":{"line":80,"column":3}},"82":{"start":{"line":83,"column":0},"end":{"line":83,"column":7}},"83":{"start":{"line":84,"column":0},"end":{"line":84,"column":43}},"84":{"start":{"line":85,"column":0},"end":{"line":85,"column":15}},"85":{"start":{"line":86,"column":0},"end":{"line":86,"column":14}},"86":{"start":{"line":87,"column":0},"end":{"line":87,"column":29}},"87":{"start":{"line":88,"column":0},"end":{"line":88,"column":10}},"88":{"start":{"line":89,"column":0},"end":{"line":89,"column":6}},"90":{"start":{"line":91,"column":0},"end":{"line":91,"column":22}},"91":{"start":{"line":92,"column":0},"end":{"line":92,"column":59}},"92":{"start":{"line":93,"column":0},"end":{"line":93,"column":33}},"93":{"start":{"line":94,"column":0},"end":{"line":94,"column":5}},"95":{"start":{"line":96,"column":0},"end":{"line":96,"column":65}},"98":{"start":{"line":99,"column":0},"end":{"line":99,"column":36}},"99":{"start":{"line":100,"column":0},"end":{"line":100,"column":9}},"100":{"start":{"line":101,"column":0},"end":{"line":101,"column":65}},"101":{"start":{"line":102,"column":0},"end":{"line":102,"column":21}},"103":{"start":{"line":104,"column":0},"end":{"line":104,"column":27}},"104":{"start":{"line":105,"column":0},"end":{"line":105,"column":5}},"107":{"start":{"line":108,"column":0},"end":{"line":108,"column":27}},"108":{"start":{"line":109,"column":0},"end":{"line":109,"column":24}},"109":{"start":{"line":110,"column":0},"end":{"line":110,"column":52}},"110":{"start":{"line":111,"column":0},"end":{"line":111,"column":5}},"112":{"start":{"line":113,"column":0},"end":{"line":113,"column":12}},"113":{"start":{"line":114,"column":0},"end":{"line":114,"column":15}},"114":{"start":{"line":115,"column":0},"end":{"line":115,"column":15}},"115":{"start":{"line":116,"column":0},"end":{"line":116,"column":22}},"116":{"start":{"line":117,"column":0},"end":{"line":117,"column":15}},"117":{"start":{"line":118,"column":0},"end":{"line":118,"column":45}},"118":{"start":{"line":119,"column":0},"end":{"line":119,"column":16}},"119":{"start":{"line":120,"column":0},"end":{"line":120,"column":6}},"120":{"start":{"line":121,"column":0},"end":{"line":121,"column":19}},"121":{"start":{"line":122,"column":0},"end":{"line":122,"column":17}},"122":{"start":{"line":123,"column":0},"end":{"line":123,"column":121}},"123":{"start":{"line":124,"column":0},"end":{"line":124,"column":6}},"124":{"start":{"line":125,"column":0},"end":{"line":125,"column":31}},"125":{"start":{"line":126,"column":0},"end":{"line":126,"column":3}},"126":{"start":{"line":127,"column":0},"end":{"line":127,"column":1}}},"s":{"0":1,"1":1,"2":1,"7":1,"10":1,"11":12,"12":12,"13":12,"14":12,"16":12,"17":22,"18":22,"19":22,"20":22,"21":22,"24":2,"25":2,"26":2,"27":0,"28":0,"29":2,"30":2,"31":2,"33":0,"34":0,"35":2,"36":22,"38":12,"39":12,"41":1,"42":35,"43":35,"44":35,"45":35,"46":35,"47":0,"48":0,"49":0,"50":0,"51":0,"52":0,"53":0,"54":0,"55":0,"56":0,"57":0,"58":0,"61":35,"62":2,"63":2,"64":2,"65":0,"66":0,"67":0,"68":0,"69":0,"70":2,"73":33,"74":33,"76":35,"78":0,"79":0,"82":33,"83":33,"84":33,"85":33,"86":33,"87":33,"88":33,"90":35,"91":0,"92":0,"93":0,"95":33,"98":33,"99":33,"100":35,"101":35,"103":0,"104":0,"107":33,"108":35,"109":3,"110":3,"112":33,"113":33,"114":33,"115":33,"116":33,"117":33,"118":33,"119":33,"120":35,"121":0,"122":0,"123":0,"124":0,"125":0,"126":35},"branchMap":{"0":{"type":"branch","line":11,"loc":{"start":{"line":11,"column":7},"end":{"line":40,"column":1}},"locations":[{"start":{"line":11,"column":7},"end":{"line":40,"column":1}}]},"1":{"type":"branch","line":17,"loc":{"start":{"line":17,"column":32},"end":{"line":37,"column":3}},"locations":[{"start":{"line":17,"column":32},"end":{"line":37,"column":3}}]},"2":{"type":"branch","line":22,"loc":{"start":{"line":22,"column":4},"end":{"line":36,"column":5}},"locations":[{"start":{"line":22,"column":4},"end":{"line":36,"column":5}}]},"3":{"type":"branch","line":27,"loc":{"start":{"line":27,"column":40},"end":{"line":28,"column":45}},"locations":[{"start":{"line":27,"column":40},"end":{"line":28,"column":45}}]},"4":{"type":"branch","line":28,"loc":{"start":{"line":28,"column":41},"end":{"line":29,"column":49}},"locations":[{"start":{"line":28,"column":41},"end":{"line":29,"column":49}}]},"5":{"type":"branch","line":32,"loc":{"start":{"line":32,"column":6},"end":{"line":35,"column":7}},"locations":[{"start":{"line":32,"column":6},"end":{"line":35,"column":7}}]},"6":{"type":"branch","line":42,"loc":{"start":{"line":42,"column":7},"end":{"line":127,"column":1}},"locations":[{"start":{"line":42,"column":7},"end":{"line":127,"column":1}}]},"7":{"type":"branch","line":62,"loc":{"start":{"line":62,"column":32},"end":{"line":71,"column":3}},"locations":[{"start":{"line":62,"column":32},"end":{"line":71,"column":3}}]},"8":{"type":"branch","line":65,"loc":{"start":{"line":65,"column":4},"end":{"line":70,"column":5}},"locations":[{"start":{"line":65,"column":4},"end":{"line":70,"column":5}}]},"9":{"type":"branch","line":71,"loc":{"start":{"line":71,"column":2},"end":{"line":77,"column":17}},"locations":[{"start":{"line":71,"column":2},"end":{"line":77,"column":17}}]},"10":{"type":"branch","line":77,"loc":{"start":{"line":77,"column":17},"end":{"line":80,"column":3}},"locations":[{"start":{"line":77,"column":17},"end":{"line":80,"column":3}}]},"11":{"type":"branch","line":80,"loc":{"start":{"line":80,"column":2},"end":{"line":91,"column":21}},"locations":[{"start":{"line":80,"column":2},"end":{"line":91,"column":21}}]},"12":{"type":"branch","line":91,"loc":{"start":{"line":91,"column":21},"end":{"line":94,"column":5}},"locations":[{"start":{"line":91,"column":21},"end":{"line":94,"column":5}}]},"13":{"type":"branch","line":94,"loc":{"start":{"line":94,"column":4},"end":{"line":101,"column":62}},"locations":[{"start":{"line":94,"column":4},"end":{"line":101,"column":62}}]},"14":{"type":"branch","line":101,"loc":{"start":{"line":101,"column":57},"end":{"line":101,"column":65}},"locations":[{"start":{"line":101,"column":57},"end":{"line":101,"column":65}}]},"15":{"type":"branch","line":102,"loc":{"start":{"line":102,"column":4},"end":{"line":105,"column":5}},"locations":[{"start":{"line":102,"column":4},"end":{"line":105,"column":5}}]},"16":{"type":"branch","line":105,"loc":{"start":{"line":105,"column":4},"end":{"line":109,"column":23}},"locations":[{"start":{"line":105,"column":4},"end":{"line":109,"column":23}}]},"17":{"type":"branch","line":109,"loc":{"start":{"line":109,"column":23},"end":{"line":111,"column":5}},"locations":[{"start":{"line":109,"column":23},"end":{"line":111,"column":5}}]},"18":{"type":"branch","line":111,"loc":{"start":{"line":111,"column":4},"end":{"line":121,"column":11}},"locations":[{"start":{"line":111,"column":4},"end":{"line":121,"column":11}}]},"19":{"type":"branch","line":121,"loc":{"start":{"line":121,"column":2},"end":{"line":126,"column":3}},"locations":[{"start":{"line":121,"column":2},"end":{"line":126,"column":3}}]},"20":{"type":"branch","line":75,"loc":{"start":{"line":75,"column":37},"end":{"line":75,"column":66}},"locations":[{"start":{"line":75,"column":37},"end":{"line":75,"column":66}}]}},"b":{"0":[12],"1":[22],"2":[2],"3":[0],"4":[0],"5":[0],"6":[35],"7":[2],"8":[0],"9":[33],"10":[0],"11":[33],"12":[0],"13":[33],"14":[10],"15":[0],"16":[33],"17":[3],"18":[33],"19":[0],"20":[35]},"fnMap":{"0":{"name":"analyzeFiles","decl":{"start":{"line":11,"column":7},"end":{"line":40,"column":1}},"loc":{"start":{"line":11,"column":7},"end":{"line":40,"column":1}},"line":11},"1":{"name":"analyzeFile","decl":{"start":{"line":42,"column":7},"end":{"line":127,"column":1}},"loc":{"start":{"line":42,"column":7},"end":{"line":127,"column":1}},"line":42},"2":{"name":"createEmptyResult","decl":{"start":{"line":47,"column":28},"end":{"line":59,"column":5}},"loc":{"start":{"line":47,"column":28},"end":{"line":59,"column":5}},"line":47}},"f":{"0":12,"1":35,"2":0}}
,"/Users/zach/dev/ink-cli/packages/analysis/src/engine/analyzers/call-graph.ts": {"path":"/Users/zach/dev/ink-cli/packages/analysis/src/engine/analyzers/call-graph.ts","all":false,"statementMap":{"8":{"start":{"line":9,"column":0},"end":{"line":9,"column":62}},"9":{"start":{"line":10,"column":0},"end":{"line":10,"column":20}},"10":{"start":{"line":11,"column":0},"end":{"line":11,"column":18}},"11":{"start":{"line":12,"column":0},"end":{"line":12,"column":20}},"12":{"start":{"line":13,"column":0},"end":{"line":13,"column":19}},"13":{"start":{"line":14,"column":0},"end":{"line":14,"column":19}},"14":{"start":{"line":15,"column":0},"end":{"line":15,"column":17}},"15":{"start":{"line":16,"column":0},"end":{"line":16,"column":18}},"16":{"start":{"line":17,"column":0},"end":{"line":17,"column":19}},"17":{"start":{"line":18,"column":0},"end":{"line":18,"column":20}},"18":{"start":{"line":19,"column":0},"end":{"line":19,"column":15}},"19":{"start":{"line":20,"column":0},"end":{"line":20,"column":17}},"20":{"start":{"line":21,"column":0},"end":{"line":21,"column":12}},"21":{"start":{"line":22,"column":0},"end":{"line":22,"column":15}},"22":{"start":{"line":23,"column":0},"end":{"line":23,"column":17}},"23":{"start":{"line":24,"column":0},"end":{"line":24,"column":21}},"24":{"start":{"line":25,"column":0},"end":{"line":25,"column":18}},"25":{"start":{"line":26,"column":0},"end":{"line":26,"column":20}},"26":{"start":{"line":27,"column":0},"end":{"line":27,"column":21}},"27":{"start":{"line":28,"column":0},"end":{"line":28,"column":20}},"28":{"start":{"line":29,"column":0},"end":{"line":29,"column":22}},"29":{"start":{"line":30,"column":0},"end":{"line":30,"column":20}},"30":{"start":{"line":31,"column":0},"end":{"line":31,"column":4}},"31":{"start":{"line":32,"column":0},"end":{"line":32,"column":67}},"32":{"start":{"line":33,"column":0},"end":{"line":33,"column":1}},"35":{"start":{"line":36,"column":0},"end":{"line":36,"column":40}},"36":{"start":{"line":37,"column":0},"end":{"line":37,"column":40}},"37":{"start":{"line":38,"column":0},"end":{"line":38,"column":31}},"38":{"start":{"line":39,"column":0},"end":{"line":39,"column":28}},"39":{"start":{"line":40,"column":0},"end":{"line":40,"column":92}},"40":{"start":{"line":41,"column":0},"end":{"line":41,"column":103}},"41":{"start":{"line":42,"column":0},"end":{"line":42,"column":41}},"44":{"start":{"line":45,"column":0},"end":{"line":45,"column":45}},"46":{"start":{"line":47,"column":0},"end":{"line":47,"column":23}},"47":{"start":{"line":48,"column":0},"end":{"line":48,"column":41}},"48":{"start":{"line":49,"column":0},"end":{"line":49,"column":24}},"49":{"start":{"line":50,"column":0},"end":{"line":50,"column":61}},"50":{"start":{"line":51,"column":0},"end":{"line":51,"column":33}},"51":{"start":{"line":52,"column":0},"end":{"line":52,"column":37}},"52":{"start":{"line":53,"column":0},"end":{"line":53,"column":51}},"53":{"start":{"line":54,"column":0},"end":{"line":54,"column":58}},"54":{"start":{"line":55,"column":0},"end":{"line":55,"column":9}},"55":{"start":{"line":56,"column":0},"end":{"line":56,"column":9}},"58":{"start":{"line":59,"column":0},"end":{"line":59,"column":62}},"59":{"start":{"line":60,"column":0},"end":{"line":60,"column":49}},"61":{"start":{"line":62,"column":0},"end":{"line":62,"column":83}},"64":{"start":{"line":65,"column":0},"end":{"line":65,"column":30}},"67":{"start":{"line":68,"column":0},"end":{"line":68,"column":59}},"68":{"start":{"line":69,"column":0},"end":{"line":69,"column":54}},"71":{"start":{"line":72,"column":0},"end":{"line":72,"column":49}},"72":{"start":{"line":73,"column":0},"end":{"line":73,"column":64}},"73":{"start":{"line":74,"column":0},"end":{"line":74,"column":8}},"74":{"start":{"line":75,"column":0},"end":{"line":75,"column":22}},"75":{"start":{"line":76,"column":0},"end":{"line":76,"column":66}},"76":{"start":{"line":77,"column":0},"end":{"line":77,"column":14}},"78":{"start":{"line":79,"column":0},"end":{"line":79,"column":50}},"79":{"start":{"line":80,"column":0},"end":{"line":80,"column":47}},"80":{"start":{"line":81,"column":0},"end":{"line":81,"column":68}},"81":{"start":{"line":82,"column":0},"end":{"line":82,"column":12}},"82":{"start":{"line":83,"column":0},"end":{"line":83,"column":21}},"83":{"start":{"line":84,"column":0},"end":{"line":84,"column":64}},"84":{"start":{"line":85,"column":0},"end":{"line":85,"column":18}},"85":{"start":{"line":86,"column":0},"end":{"line":86,"column":11}},"86":{"start":{"line":87,"column":0},"end":{"line":87,"column":9}},"87":{"start":{"line":88,"column":0},"end":{"line":88,"column":7}},"90":{"start":{"line":91,"column":0},"end":{"line":91,"column":26}},"91":{"start":{"line":92,"column":0},"end":{"line":92,"column":53}},"92":{"start":{"line":93,"column":0},"end":{"line":93,"column":7}},"95":{"start":{"line":96,"column":0},"end":{"line":96,"column":41}},"96":{"start":{"line":97,"column":0},"end":{"line":97,"column":55}},"97":{"start":{"line":98,"column":0},"end":{"line":98,"column":7}},"98":{"start":{"line":99,"column":0},"end":{"line":99,"column":48}},"99":{"start":{"line":100,"column":0},"end":{"line":100,"column":62}},"100":{"start":{"line":101,"column":0},"end":{"line":101,"column":7}},"102":{"start":{"line":103,"column":0},"end":{"line":103,"column":53}},"103":{"start":{"line":104,"column":0},"end":{"line":104,"column":60}},"104":{"start":{"line":105,"column":0},"end":{"line":105,"column":5}},"105":{"start":{"line":106,"column":0},"end":{"line":106,"column":3}},"107":{"start":{"line":108,"column":0},"end":{"line":108,"column":10}},"108":{"start":{"line":109,"column":0},"end":{"line":109,"column":14}},"109":{"start":{"line":110,"column":0},"end":{"line":110,"column":21}},"110":{"start":{"line":111,"column":0},"end":{"line":111,"column":17}},"111":{"start":{"line":112,"column":0},"end":{"line":112,"column":19}},"112":{"start":{"line":113,"column":0},"end":{"line":113,"column":4}},"113":{"start":{"line":114,"column":0},"end":{"line":114,"column":1}}},"s":{"8":1,"9":17,"10":17,"11":17,"12":17,"13":17,"14":17,"15":17,"16":17,"17":17,"18":17,"19":17,"20":17,"21":17,"22":17,"23":17,"24":17,"25":17,"26":17,"27":17,"28":17,"29":17,"30":17,"31":17,"32":17,"35":1,"36":8,"37":8,"38":8,"39":8,"40":8,"41":8,"44":8,"46":8,"47":8,"48":8,"49":8,"50":8,"51":8,"52":8,"53":8,"54":8,"55":8,"58":8,"59":6,"61":5,"64":5,"67":5,"68":6,"71":4,"72":4,"73":4,"74":6,"75":1,"76":6,"78":3,"79":3,"80":3,"81":3,"82":3,"83":1,"84":1,"85":1,"86":3,"87":3,"90":6,"91":2,"92":2,"95":6,"96":0,"97":0,"98":6,"99":2,"100":2,"102":4,"103":4,"104":4,"105":8,"107":8,"108":8,"109":8,"110":8,"111":8,"112":8,"113":8},"branchMap":{"0":{"type":"branch","line":9,"loc":{"start":{"line":9,"column":7},"end":{"line":33,"column":1}},"locations":[{"start":{"line":9,"column":7},"end":{"line":33,"column":1}}]},"1":{"type":"branch","line":32,"loc":{"start":{"line":32,"column":35},"end":{"line":32,"column":67}},"locations":[{"start":{"line":32,"column":35},"end":{"line":32,"column":67}}]},"2":{"type":"branch","line":36,"loc":{"start":{"line":36,"column":7},"end":{"line":114,"column":1}},"locations":[{"start":{"line":36,"column":7},"end":{"line":114,"column":1}}]},"3":{"type":"branch","line":59,"loc":{"start":{"line":59,"column":38},"end":{"line":59,"column":61}},"locations":[{"start":{"line":59,"column":38},"end":{"line":59,"column":61}}]},"4":{"type":"branch","line":59,"loc":{"start":{"line":59,"column":61},"end":{"line":105,"column":5}},"locations":[{"start":{"line":59,"column":61},"end":{"line":105,"column":5}}]},"5":{"type":"branch","line":60,"loc":{"start":{"line":60,"column":40},"end":{"line":60,"column":49}},"locations":[{"start":{"line":60,"column":40},"end":{"line":60,"column":49}}]},"6":{"type":"branch","line":60,"loc":{"start":{"line":60,"column":40},"end":{"line":69,"column":23}},"locations":[{"start":{"line":60,"column":40},"end":{"line":69,"column":23}}]},"7":{"type":"branch","line":69,"loc":{"start":{"line":69,"column":10},"end":{"line":69,"column":45}},"locations":[{"start":{"line":69,"column":10},"end":{"line":69,"column":45}}]},"8":{"type":"branch","line":69,"loc":{"start":{"line":69,"column":45},"end":{"line":69,"column":54}},"locations":[{"start":{"line":69,"column":45},"end":{"line":69,"column":54}}]},"9":{"type":"branch","line":69,"loc":{"start":{"line":69,"column":45},"end":{"line":75,"column":21}},"locations":[{"start":{"line":69,"column":45},"end":{"line":75,"column":21}}]},"10":{"type":"branch","line":75,"loc":{"start":{"line":75,"column":21},"end":{"line":77,"column":13}},"locations":[{"start":{"line":75,"column":21},"end":{"line":77,"column":13}}]},"11":{"type":"branch","line":77,"loc":{"start":{"line":77,"column":6},"end":{"line":88,"column":7}},"locations":[{"start":{"line":77,"column":6},"end":{"line":88,"column":7}}]},"12":{"type":"branch","line":83,"loc":{"start":{"line":83,"column":20},"end":{"line":86,"column":11}},"locations":[{"start":{"line":83,"column":20},"end":{"line":86,"column":11}}]},"13":{"type":"branch","line":88,"loc":{"start":{"line":88,"column":6},"end":{"line":91,"column":25}},"locations":[{"start":{"line":88,"column":6},"end":{"line":91,"column":25}}]},"14":{"type":"branch","line":91,"loc":{"start":{"line":91,"column":25},"end":{"line":93,"column":7}},"locations":[{"start":{"line":91,"column":25},"end":{"line":93,"column":7}}]},"15":{"type":"branch","line":93,"loc":{"start":{"line":93,"column":6},"end":{"line":96,"column":40}},"locations":[{"start":{"line":93,"column":6},"end":{"line":96,"column":40}}]},"16":{"type":"branch","line":96,"loc":{"start":{"line":96,"column":40},"end":{"line":98,"column":7}},"locations":[{"start":{"line":96,"column":40},"end":{"line":98,"column":7}}]},"17":{"type":"branch","line":98,"loc":{"start":{"line":98,"column":6},"end":{"line":99,"column":47}},"locations":[{"start":{"line":98,"column":6},"end":{"line":99,"column":47}}]},"18":{"type":"branch","line":99,"loc":{"start":{"line":99,"column":47},"end":{"line":101,"column":7}},"locations":[{"start":{"line":99,"column":47},"end":{"line":101,"column":7}}]},"19":{"type":"branch","line":101,"loc":{"start":{"line":101,"column":6},"end":{"line":105,"column":5}},"locations":[{"start":{"line":101,"column":6},"end":{"line":105,"column":5}}]},"20":{"type":"branch","line":48,"loc":{"start":{"line":48,"column":14},"end":{"line":48,"column":40}},"locations":[{"start":{"line":48,"column":14},"end":{"line":48,"column":40}}]},"21":{"type":"branch","line":49,"loc":{"start":{"line":49,"column":15},"end":{"line":56,"column":7}},"locations":[{"start":{"line":49,"column":15},"end":{"line":56,"column":7}}]},"22":{"type":"branch","line":73,"loc":{"start":{"line":73,"column":8},"end":{"line":73,"column":64}},"locations":[{"start":{"line":73,"column":8},"end":{"line":73,"column":64}}]},"23":{"type":"branch","line":81,"loc":{"start":{"line":81,"column":12},"end":{"line":81,"column":68}},"locations":[{"start":{"line":81,"column":12},"end":{"line":81,"column":68}}]}},"b":{"0":[17],"1":[9],"2":[8],"3":[0],"4":[6],"5":[1],"6":[5],"7":[2],"8":[1],"9":[4],"10":[1],"11":[3],"12":[1],"13":[4],"14":[2],"15":[4],"16":[0],"17":[4],"18":[2],"19":[4],"20":[8],"21":[8],"22":[5],"23":[3]},"fnMap":{"0":{"name":"isBuiltinFunction","decl":{"start":{"line":9,"column":7},"end":{"line":33,"column":1}},"loc":{"start":{"line":9,"column":7},"end":{"line":33,"column":1}},"line":9},"1":{"name":"performCallTreeAnalysis","decl":{"start":{"line":36,"column":7},"end":{"line":114,"column":1}},"loc":{"start":{"line":36,"column":7},"end":{"line":114,"column":1}},"line":36}},"f":{"0":17,"1":8}}
,"/Users/zach/dev/ink-cli/packages/analysis/src/engine/analyzers/dependency-sorter.ts": {"path":"/Users/zach/dev/ink-cli/packages/analysis/src/engine/analyzers/dependency-sorter.ts","all":false,"statementMap":{"6":{"start":{"line":7,"column":0},"end":{"line":7,"column":39}},"7":{"start":{"line":8,"column":0},"end":{"line":8,"column":39}},"8":{"start":{"line":9,"column":0},"end":{"line":9,"column":26}},"10":{"start":{"line":11,"column":0},"end":{"line":11,"column":25}},"11":{"start":{"line":12,"column":0},"end":{"line":12,"column":53}},"12":{"start":{"line":13,"column":0},"end":{"line":13,"column":72}},"13":{"start":{"line":14,"column":0},"end":{"line":14,"column":77}},"16":{"start":{"line":17,"column":0},"end":{"line":17,"column":45}},"17":{"start":{"line":18,"column":0},"end":{"line":18,"column":47}},"18":{"start":{"line":19,"column":0},"end":{"line":19,"column":63}},"19":{"start":{"line":20,"column":0},"end":{"line":20,"column":27}},"20":{"start":{"line":21,"column":0},"end":{"line":21,"column":44}},"22":{"start":{"line":23,"column":0},"end":{"line":23,"column":31}},"23":{"start":{"line":24,"column":0},"end":{"line":24,"column":38}},"24":{"start":{"line":25,"column":0},"end":{"line":25,"column":47}},"25":{"start":{"line":26,"column":0},"end":{"line":26,"column":54}},"26":{"start":{"line":27,"column":0},"end":{"line":27,"column":5}},"27":{"start":{"line":28,"column":0},"end":{"line":28,"column":3}},"30":{"start":{"line":31,"column":0},"end":{"line":31,"column":45}},"31":{"start":{"line":32,"column":0},"end":{"line":32,"column":47}},"32":{"start":{"line":33,"column":0},"end":{"line":33,"column":33}},"33":{"start":{"line":34,"column":0},"end":{"line":34,"column":53}},"34":{"start":{"line":35,"column":0},"end":{"line":35,"column":15}},"35":{"start":{"line":36,"column":0},"end":{"line":36,"column":19}},"36":{"start":{"line":37,"column":0},"end":{"line":37,"column":19}},"37":{"start":{"line":38,"column":0},"end":{"line":38,"column":8}},"39":{"start":{"line":40,"column":0},"end":{"line":40,"column":41}},"40":{"start":{"line":41,"column":0},"end":{"line":41,"column":35}},"41":{"start":{"line":42,"column":0},"end":{"line":42,"column":51}},"42":{"start":{"line":43,"column":0},"end":{"line":43,"column":58}},"43":{"start":{"line":44,"column":0},"end":{"line":44,"column":9}},"44":{"start":{"line":45,"column":0},"end":{"line":45,"column":7}},"45":{"start":{"line":46,"column":0},"end":{"line":46,"column":5}},"46":{"start":{"line":47,"column":0},"end":{"line":47,"column":3}},"49":{"start":{"line":50,"column":0},"end":{"line":50,"column":20}},"50":{"start":{"line":51,"column":0},"end":{"line":51,"column":29}},"53":{"start":{"line":54,"column":0},"end":{"line":54,"column":39}},"54":{"start":{"line":55,"column":0},"end":{"line":55,"column":63}},"55":{"start":{"line":56,"column":0},"end":{"line":56,"column":3}},"58":{"start":{"line":59,"column":0},"end":{"line":59,"column":19}},"59":{"start":{"line":60,"column":0},"end":{"line":60,"column":46}},"60":{"start":{"line":61,"column":0},"end":{"line":61,"column":23}},"61":{"start":{"line":62,"column":0},"end":{"line":62,"column":27}},"62":{"start":{"line":63,"column":0},"end":{"line":63,"column":5}},"63":{"start":{"line":64,"column":0},"end":{"line":64,"column":3}},"66":{"start":{"line":67,"column":0},"end":{"line":67,"column":28}},"67":{"start":{"line":68,"column":0},"end":{"line":68,"column":35}},"68":{"start":{"line":69,"column":0},"end":{"line":69,"column":43}},"69":{"start":{"line":70,"column":0},"end":{"line":70,"column":24}},"72":{"start":{"line":73,"column":0},"end":{"line":73,"column":69}},"73":{"start":{"line":74,"column":0},"end":{"line":74,"column":63}},"74":{"start":{"line":75,"column":0},"end":{"line":75,"column":44}},"75":{"start":{"line":76,"column":0},"end":{"line":76,"column":32}},"76":{"start":{"line":77,"column":0},"end":{"line":77,"column":7}},"77":{"start":{"line":78,"column":0},"end":{"line":78,"column":5}},"78":{"start":{"line":79,"column":0},"end":{"line":79,"column":3}},"81":{"start":{"line":82,"column":0},"end":{"line":82,"column":23}},"82":{"start":{"line":83,"column":0},"end":{"line":83,"column":39}},"83":{"start":{"line":84,"column":0},"end":{"line":84,"column":47}},"84":{"start":{"line":85,"column":0},"end":{"line":85,"column":46}},"85":{"start":{"line":86,"column":0},"end":{"line":86,"column":5}},"86":{"start":{"line":87,"column":0},"end":{"line":87,"column":3}},"88":{"start":{"line":89,"column":0},"end":{"line":89,"column":39}},"89":{"start":{"line":90,"column":0},"end":{"line":90,"column":1}},"91":{"start":{"line":92,"column":0},"end":{"line":92,"column":42}},"92":{"start":{"line":93,"column":0},"end":{"line":93,"column":21}},"93":{"start":{"line":94,"column":0},"end":{"line":94,"column":33}},"94":{"start":{"line":95,"column":0},"end":{"line":95,"column":27}},"95":{"start":{"line":96,"column":0},"end":{"line":96,"column":16}},"96":{"start":{"line":97,"column":0},"end":{"line":97,"column":41}},"99":{"start":{"line":100,"column":0},"end":{"line":100,"column":33}},"101":{"start":{"line":102,"column":0},"end":{"line":102,"column":75}},"102":{"start":{"line":103,"column":0},"end":{"line":103,"column":39}},"104":{"start":{"line":105,"column":0},"end":{"line":105,"column":46}},"105":{"start":{"line":106,"column":0},"end":{"line":106,"column":12}},"106":{"start":{"line":107,"column":0},"end":{"line":107,"column":38}},"107":{"start":{"line":108,"column":0},"end":{"line":108,"column":57}},"108":{"start":{"line":109,"column":0},"end":{"line":109,"column":24}},"109":{"start":{"line":110,"column":0},"end":{"line":110,"column":11}},"110":{"start":{"line":111,"column":0},"end":{"line":111,"column":43}},"111":{"start":{"line":112,"column":0},"end":{"line":112,"column":9}},"112":{"start":{"line":113,"column":0},"end":{"line":113,"column":7}},"113":{"start":{"line":114,"column":0},"end":{"line":114,"column":5}},"114":{"start":{"line":115,"column":0},"end":{"line":115,"column":3}},"117":{"start":{"line":118,"column":0},"end":{"line":118,"column":25}},"119":{"start":{"line":120,"column":0},"end":{"line":120,"column":80}},"120":{"start":{"line":121,"column":0},"end":{"line":121,"column":31}},"122":{"start":{"line":123,"column":0},"end":{"line":123,"column":10}},"123":{"start":{"line":124,"column":0},"end":{"line":124,"column":9}},"124":{"start":{"line":125,"column":0},"end":{"line":125,"column":21}},"125":{"start":{"line":126,"column":0},"end":{"line":126,"column":18}},"126":{"start":{"line":127,"column":0},"end":{"line":127,"column":16}},"127":{"start":{"line":128,"column":0},"end":{"line":128,"column":16}},"128":{"start":{"line":129,"column":0},"end":{"line":129,"column":18}},"129":{"start":{"line":130,"column":0},"end":{"line":130,"column":22}},"130":{"start":{"line":131,"column":0},"end":{"line":131,"column":17}},"131":{"start":{"line":132,"column":0},"end":{"line":132,"column":19}},"132":{"start":{"line":133,"column":0},"end":{"line":133,"column":19}},"133":{"start":{"line":134,"column":0},"end":{"line":134,"column":17}},"134":{"start":{"line":135,"column":0},"end":{"line":135,"column":15}},"135":{"start":{"line":136,"column":0},"end":{"line":136,"column":19}},"136":{"start":{"line":137,"column":0},"end":{"line":137,"column":15}},"137":{"start":{"line":138,"column":0},"end":{"line":138,"column":17}},"138":{"start":{"line":139,"column":0},"end":{"line":139,"column":16}},"139":{"start":{"line":140,"column":0},"end":{"line":140,"column":18}},"140":{"start":{"line":141,"column":0},"end":{"line":141,"column":16}},"141":{"start":{"line":142,"column":0},"end":{"line":142,"column":17}},"142":{"start":{"line":143,"column":0},"end":{"line":143,"column":24}},"143":{"start":{"line":144,"column":0},"end":{"line":144,"column":9}},"144":{"start":{"line":145,"column":0},"end":{"line":145,"column":17}},"145":{"start":{"line":146,"column":0},"end":{"line":146,"column":7}},"148":{"start":{"line":149,"column":0},"end":{"line":149,"column":46}},"149":{"start":{"line":150,"column":0},"end":{"line":150,"column":12}},"150":{"start":{"line":151,"column":0},"end":{"line":151,"column":38}},"151":{"start":{"line":152,"column":0},"end":{"line":152,"column":41}},"152":{"start":{"line":153,"column":0},"end":{"line":153,"column":24}},"153":{"start":{"line":154,"column":0},"end":{"line":154,"column":11}},"154":{"start":{"line":155,"column":0},"end":{"line":155,"column":43}},"155":{"start":{"line":156,"column":0},"end":{"line":156,"column":9}},"156":{"start":{"line":157,"column":0},"end":{"line":157,"column":7}},"157":{"start":{"line":158,"column":0},"end":{"line":158,"column":5}},"158":{"start":{"line":159,"column":0},"end":{"line":159,"column":3}},"160":{"start":{"line":161,"column":0},"end":{"line":161,"column":22}},"161":{"start":{"line":162,"column":0},"end":{"line":162,"column":1}}},"s":{"6":1,"7":5,"8":5,"10":5,"11":5,"12":5,"13":5,"16":5,"17":5,"18":9,"19":9,"20":9,"22":9,"23":9,"24":9,"25":9,"26":9,"27":5,"30":5,"31":5,"32":9,"33":9,"34":9,"35":9,"36":9,"37":9,"39":9,"40":7,"41":7,"42":7,"43":7,"44":7,"45":9,"46":5,"49":5,"50":5,"53":5,"54":9,"55":9,"58":5,"59":5,"60":9,"61":3,"62":3,"63":9,"66":5,"67":7,"68":7,"69":7,"72":7,"73":5,"74":5,"75":4,"76":4,"77":5,"78":7,"81":5,"82":5,"83":9,"84":2,"85":2,"86":9,"88":5,"89":5,"91":1,"92":14,"93":14,"94":14,"95":14,"96":14,"99":14,"101":2,"102":2,"104":3,"105":5,"106":5,"107":3,"108":3,"109":5,"110":3,"111":3,"112":5,"113":3,"114":2,"117":14,"119":14,"120":14,"122":47,"123":47,"124":47,"125":47,"126":47,"127":47,"128":47,"129":47,"130":47,"131":47,"132":47,"133":47,"134":47,"135":47,"136":47,"137":47,"138":47,"139":47,"140":47,"141":47,"142":47,"143":47,"144":18,"145":18,"148":47,"149":57,"150":57,"151":23,"152":11,"153":57,"154":11,"155":11,"156":57,"157":29,"158":14,"160":14,"161":14},"branchMap":{"0":{"type":"branch","line":7,"loc":{"start":{"line":7,"column":7},"end":{"line":90,"column":1}},"locations":[{"start":{"line":7,"column":7},"end":{"line":90,"column":1}}]},"1":{"type":"branch","line":18,"loc":{"start":{"line":18,"column":46},"end":{"line":27,"column":5}},"locations":[{"start":{"line":18,"column":46},"end":{"line":27,"column":5}}]},"2":{"type":"branch","line":32,"loc":{"start":{"line":32,"column":46},"end":{"line":46,"column":5}},"locations":[{"start":{"line":32,"column":46},"end":{"line":46,"column":5}}]},"3":{"type":"branch","line":40,"loc":{"start":{"line":40,"column":40},"end":{"line":45,"column":7}},"locations":[{"start":{"line":40,"column":40},"end":{"line":45,"column":7}}]},"4":{"type":"branch","line":54,"loc":{"start":{"line":54,"column":38},"end":{"line":56,"column":3}},"locations":[{"start":{"line":54,"column":38},"end":{"line":56,"column":3}}]},"5":{"type":"branch","line":60,"loc":{"start":{"line":60,"column":45},"end":{"line":64,"column":3}},"locations":[{"start":{"line":60,"column":45},"end":{"line":64,"column":3}}]},"6":{"type":"branch","line":61,"loc":{"start":{"line":61,"column":22},"end":{"line":63,"column":5}},"locations":[{"start":{"line":61,"column":22},"end":{"line":63,"column":5}}]},"7":{"type":"branch","line":67,"loc":{"start":{"line":67,"column":27},"end":{"line":79,"column":3}},"locations":[{"start":{"line":67,"column":27},"end":{"line":79,"column":3}}]},"8":{"type":"branch","line":73,"loc":{"start":{"line":73,"column":68},"end":{"line":78,"column":5}},"locations":[{"start":{"line":73,"column":68},"end":{"line":78,"column":5}}]},"9":{"type":"branch","line":75,"loc":{"start":{"line":75,"column":43},"end":{"line":77,"column":7}},"locations":[{"start":{"line":75,"column":43},"end":{"line":77,"column":7}}]},"10":{"type":"branch","line":83,"loc":{"start":{"line":83,"column":38},"end":{"line":87,"column":3}},"locations":[{"start":{"line":83,"column":38},"end":{"line":87,"column":3}}]},"11":{"type":"branch","line":84,"loc":{"start":{"line":84,"column":46},"end":{"line":86,"column":5}},"locations":[{"start":{"line":84,"column":46},"end":{"line":86,"column":5}}]},"12":{"type":"branch","line":84,"loc":{"start":{"line":84,"column":21},"end":{"line":84,"column":43}},"locations":[{"start":{"line":84,"column":21},"end":{"line":84,"column":43}}]},"13":{"type":"branch","line":92,"loc":{"start":{"line":92,"column":7},"end":{"line":162,"column":1}},"locations":[{"start":{"line":92,"column":7},"end":{"line":162,"column":1}}]},"14":{"type":"branch","line":100,"loc":{"start":{"line":100,"column":32},"end":{"line":115,"column":3}},"locations":[{"start":{"line":100,"column":32},"end":{"line":115,"column":3}}]},"15":{"type":"branch","line":103,"loc":{"start":{"line":103,"column":38},"end":{"line":114,"column":5}},"locations":[{"start":{"line":103,"column":38},"end":{"line":114,"column":5}}]},"16":{"type":"branch","line":105,"loc":{"start":{"line":105,"column":45},"end":{"line":113,"column":7}},"locations":[{"start":{"line":105,"column":45},"end":{"line":113,"column":7}}]},"17":{"type":"branch","line":107,"loc":{"start":{"line":107,"column":31},"end":{"line":108,"column":57}},"locations":[{"start":{"line":107,"column":31},"end":{"line":108,"column":57}}]},"18":{"type":"branch","line":108,"loc":{"start":{"line":108,"column":46},"end":{"line":109,"column":24}},"locations":[{"start":{"line":108,"column":46},"end":{"line":109,"column":24}}]},"19":{"type":"branch","line":110,"loc":{"start":{"line":110,"column":10},"end":{"line":112,"column":9}},"locations":[{"start":{"line":110,"column":10},"end":{"line":112,"column":9}}]},"20":{"type":"branch","line":120,"loc":{"start":{"line":120,"column":72},"end":{"line":120,"column":80}},"locations":[{"start":{"line":120,"column":72},"end":{"line":120,"column":80}}]},"21":{"type":"branch","line":121,"loc":{"start":{"line":121,"column":30},"end":{"line":158,"column":5}},"locations":[{"start":{"line":121,"column":30},"end":{"line":158,"column":5}}]},"22":{"type":"branch","line":144,"loc":{"start":{"line":144,"column":8},"end":{"line":146,"column":7}},"locations":[{"start":{"line":144,"column":8},"end":{"line":146,"column":7}}]},"23":{"type":"branch","line":146,"loc":{"start":{"line":146,"column":6},"end":{"line":149,"column":45}},"locations":[{"start":{"line":146,"column":6},"end":{"line":149,"column":45}}]},"24":{"type":"branch","line":149,"loc":{"start":{"line":149,"column":45},"end":{"line":157,"column":7}},"locations":[{"start":{"line":149,"column":45},"end":{"line":157,"column":7}}]},"25":{"type":"branch","line":151,"loc":{"start":{"line":151,"column":31},"end":{"line":152,"column":41}},"locations":[{"start":{"line":151,"column":31},"end":{"line":152,"column":41}}]},"26":{"type":"branch","line":152,"loc":{"start":{"line":152,"column":36},"end":{"line":153,"column":24}},"locations":[{"start":{"line":152,"column":36},"end":{"line":153,"column":24}}]},"27":{"type":"branch","line":154,"loc":{"start":{"line":154,"column":10},"end":{"line":156,"column":9}},"locations":[{"start":{"line":154,"column":10},"end":{"line":156,"column":9}}]},"28":{"type":"branch","line":157,"loc":{"start":{"line":157,"column":6},"end":{"line":158,"column":5}},"locations":[{"start":{"line":157,"column":6},"end":{"line":158,"column":5}}]},"29":{"type":"branch","line":102,"loc":{"start":{"line":102,"column":54},"end":{"line":102,"column":73}},"locations":[{"start":{"line":102,"column":54},"end":{"line":102,"column":73}}]}},"b":{"0":[5],"1":[9],"2":[9],"3":[7],"4":[9],"5":[9],"6":[3],"7":[7],"8":[5],"9":[4],"10":[9],"11":[2],"12":[12],"13":[14],"14":[2],"15":[3],"16":[5],"17":[3],"18":[3],"19":[3],"20":[0],"21":[47],"22":[18],"23":[29],"24":[57],"25":[23],"26":[11],"27":[11],"28":[29],"29":[3]},"fnMap":{"0":{"name":"performTopologicalSort","decl":{"start":{"line":7,"column":7},"end":{"line":90,"column":1}},"loc":{"start":{"line":7,"column":7},"end":{"line":90,"column":1}},"line":7},"1":{"name":"extractEntityDependencies","decl":{"start":{"line":92,"column":7},"end":{"line":162,"column":1}},"loc":{"start":{"line":92,"column":7},"end":{"line":162,"column":1}},"line":92}},"f":{"0":5,"1":14}}
,"/Users/zach/dev/ink-cli/packages/analysis/src/engine/analyzers/type-hierarchy.ts": {"path":"/Users/zach/dev/ink-cli/packages/analysis/src/engine/analyzers/type-hierarchy.ts","all":false,"statementMap":{"3":{"start":{"line":4,"column":0},"end":{"line":4,"column":36}},"4":{"start":{"line":5,"column":0},"end":{"line":5,"column":39}},"5":{"start":{"line":6,"column":0},"end":{"line":6,"column":23}},"6":{"start":{"line":7,"column":0},"end":{"line":7,"column":29}},"7":{"start":{"line":8,"column":0},"end":{"line":8,"column":38}},"9":{"start":{"line":10,"column":0},"end":{"line":10,"column":45}},"10":{"start":{"line":11,"column":0},"end":{"line":11,"column":36}},"13":{"start":{"line":14,"column":0},"end":{"line":14,"column":57}},"14":{"start":{"line":15,"column":0},"end":{"line":15,"column":64}},"15":{"start":{"line":16,"column":0},"end":{"line":16,"column":28}},"16":{"start":{"line":17,"column":0},"end":{"line":17,"column":21}},"17":{"start":{"line":18,"column":0},"end":{"line":18,"column":21}},"18":{"start":{"line":19,"column":0},"end":{"line":19,"column":37}},"19":{"start":{"line":20,"column":0},"end":{"line":20,"column":9}},"20":{"start":{"line":21,"column":0},"end":{"line":21,"column":5}},"23":{"start":{"line":24,"column":0},"end":{"line":24,"column":52}},"24":{"start":{"line":25,"column":0},"end":{"line":25,"column":60}},"25":{"start":{"line":26,"column":0},"end":{"line":26,"column":28}},"26":{"start":{"line":27,"column":0},"end":{"line":27,"column":17}},"27":{"start":{"line":28,"column":0},"end":{"line":28,"column":26}},"28":{"start":{"line":29,"column":0},"end":{"line":29,"column":37}},"29":{"start":{"line":30,"column":0},"end":{"line":30,"column":9}},"32":{"start":{"line":33,"column":0},"end":{"line":33,"column":49}},"33":{"start":{"line":34,"column":0},"end":{"line":34,"column":45}},"34":{"start":{"line":35,"column":0},"end":{"line":35,"column":76}},"35":{"start":{"line":36,"column":0},"end":{"line":36,"column":9}},"36":{"start":{"line":37,"column":0},"end":{"line":37,"column":59}},"37":{"start":{"line":38,"column":0},"end":{"line":38,"column":7}},"38":{"start":{"line":39,"column":0},"end":{"line":39,"column":5}},"41":{"start":{"line":42,"column":0},"end":{"line":42,"column":47}},"42":{"start":{"line":43,"column":0},"end":{"line":43,"column":58}},"43":{"start":{"line":44,"column":0},"end":{"line":44,"column":28}},"44":{"start":{"line":45,"column":0},"end":{"line":45,"column":15}},"45":{"start":{"line":46,"column":0},"end":{"line":46,"column":22}},"46":{"start":{"line":47,"column":0},"end":{"line":47,"column":37}},"47":{"start":{"line":48,"column":0},"end":{"line":48,"column":9}},"50":{"start":{"line":51,"column":0},"end":{"line":51,"column":47}},"51":{"start":{"line":52,"column":0},"end":{"line":52,"column":45}},"52":{"start":{"line":53,"column":0},"end":{"line":53,"column":73}},"53":{"start":{"line":54,"column":0},"end":{"line":54,"column":9}},"54":{"start":{"line":55,"column":0},"end":{"line":55,"column":59}},"55":{"start":{"line":56,"column":0},"end":{"line":56,"column":7}},"57":{"start":{"line":58,"column":0},"end":{"line":58,"column":49}},"58":{"start":{"line":59,"column":0},"end":{"line":59,"column":45}},"59":{"start":{"line":60,"column":0},"end":{"line":60,"column":73}},"60":{"start":{"line":61,"column":0},"end":{"line":61,"column":9}},"61":{"start":{"line":62,"column":0},"end":{"line":62,"column":61}},"62":{"start":{"line":63,"column":0},"end":{"line":63,"column":7}},"63":{"start":{"line":64,"column":0},"end":{"line":64,"column":5}},"66":{"start":{"line":67,"column":0},"end":{"line":67,"column":49}},"67":{"start":{"line":68,"column":0},"end":{"line":68,"column":62}},"68":{"start":{"line":69,"column":0},"end":{"line":69,"column":28}},"69":{"start":{"line":70,"column":0},"end":{"line":70,"column":19}},"70":{"start":{"line":71,"column":0},"end":{"line":71,"column":21}},"71":{"start":{"line":72,"column":0},"end":{"line":72,"column":37}},"72":{"start":{"line":73,"column":0},"end":{"line":73,"column":9}},"73":{"start":{"line":74,"column":0},"end":{"line":74,"column":5}},"74":{"start":{"line":75,"column":0},"end":{"line":75,"column":3}},"76":{"start":{"line":77,"column":0},"end":{"line":77,"column":10}},"77":{"start":{"line":78,"column":0},"end":{"line":78,"column":13}},"78":{"start":{"line":79,"column":0},"end":{"line":79,"column":22}},"79":{"start":{"line":80,"column":0},"end":{"line":80,"column":19}},"80":{"start":{"line":81,"column":0},"end":{"line":81,"column":4}},"81":{"start":{"line":82,"column":0},"end":{"line":82,"column":1}}},"s":{"3":1,"4":8,"5":8,"6":8,"7":8,"9":8,"10":8,"13":8,"14":2,"15":2,"16":2,"17":2,"18":2,"19":2,"20":2,"23":8,"24":5,"25":5,"26":5,"27":5,"28":5,"29":5,"32":5,"33":1,"34":1,"35":1,"36":1,"37":1,"38":5,"41":8,"42":3,"43":3,"44":3,"45":3,"46":3,"47":3,"50":3,"51":2,"52":2,"53":2,"54":2,"55":2,"57":3,"58":1,"59":0,"60":0,"61":1,"62":1,"63":3,"66":8,"67":1,"68":1,"69":1,"70":1,"71":1,"72":1,"73":1,"74":8,"76":8,"77":8,"78":8,"79":8,"80":8,"81":8},"branchMap":{"0":{"type":"branch","line":4,"loc":{"start":{"line":4,"column":7},"end":{"line":82,"column":1}},"locations":[{"start":{"line":4,"column":7},"end":{"line":82,"column":1}}]},"1":{"type":"branch","line":14,"loc":{"start":{"line":14,"column":37},"end":{"line":14,"column":56}},"locations":[{"start":{"line":14,"column":37},"end":{"line":14,"column":56}}]},"2":{"type":"branch","line":14,"loc":{"start":{"line":14,"column":56},"end":{"line":21,"column":5}},"locations":[{"start":{"line":14,"column":56},"end":{"line":21,"column":5}}]},"3":{"type":"branch","line":24,"loc":{"start":{"line":24,"column":33},"end":{"line":24,"column":51}},"locations":[{"start":{"line":24,"column":33},"end":{"line":24,"column":51}}]},"4":{"type":"branch","line":24,"loc":{"start":{"line":24,"column":51},"end":{"line":39,"column":5}},"locations":[{"start":{"line":24,"column":51},"end":{"line":39,"column":5}}]},"5":{"type":"branch","line":33,"loc":{"start":{"line":33,"column":33},"end":{"line":33,"column":48}},"locations":[{"start":{"line":33,"column":33},"end":{"line":33,"column":48}}]},"6":{"type":"branch","line":33,"loc":{"start":{"line":33,"column":48},"end":{"line":38,"column":7}},"locations":[{"start":{"line":33,"column":48},"end":{"line":38,"column":7}}]},"7":{"type":"branch","line":42,"loc":{"start":{"line":42,"column":31},"end":{"line":42,"column":46}},"locations":[{"start":{"line":42,"column":31},"end":{"line":42,"column":46}}]},"8":{"type":"branch","line":42,"loc":{"start":{"line":42,"column":46},"end":{"line":64,"column":5}},"locations":[{"start":{"line":42,"column":46},"end":{"line":64,"column":5}}]},"9":{"type":"branch","line":51,"loc":{"start":{"line":51,"column":31},"end":{"line":51,"column":46}},"locations":[{"start":{"line":51,"column":31},"end":{"line":51,"column":46}}]},"10":{"type":"branch","line":51,"loc":{"start":{"line":51,"column":46},"end":{"line":56,"column":7}},"locations":[{"start":{"line":51,"column":46},"end":{"line":56,"column":7}}]},"11":{"type":"branch","line":58,"loc":{"start":{"line":58,"column":30},"end":{"line":58,"column":48}},"locations":[{"start":{"line":58,"column":30},"end":{"line":58,"column":48}}]},"12":{"type":"branch","line":58,"loc":{"start":{"line":58,"column":48},"end":{"line":63,"column":7}},"locations":[{"start":{"line":58,"column":48},"end":{"line":63,"column":7}}]},"13":{"type":"branch","line":59,"loc":{"start":{"line":59,"column":44},"end":{"line":61,"column":9}},"locations":[{"start":{"line":59,"column":44},"end":{"line":61,"column":9}}]},"14":{"type":"branch","line":67,"loc":{"start":{"line":67,"column":35},"end":{"line":67,"column":48}},"locations":[{"start":{"line":67,"column":35},"end":{"line":67,"column":48}}]},"15":{"type":"branch","line":67,"loc":{"start":{"line":67,"column":48},"end":{"line":74,"column":5}},"locations":[{"start":{"line":67,"column":48},"end":{"line":74,"column":5}}]}},"b":{"0":[8],"1":[0],"2":[2],"3":[0],"4":[5],"5":[0],"6":[1],"7":[0],"8":[3],"9":[0],"10":[2],"11":[0],"12":[1],"13":[0],"14":[0],"15":[1]},"fnMap":{"0":{"name":"performTypeAnalysis","decl":{"start":{"line":4,"column":7},"end":{"line":82,"column":1}},"loc":{"start":{"line":4,"column":7},"end":{"line":82,"column":1}},"line":4}},"f":{"0":8}}
,"/Users/zach/dev/ink-cli/packages/analysis/src/engine/parser/basic-js-parser.ts": {"path":"/Users/zach/dev/ink-cli/packages/analysis/src/engine/parser/basic-js-parser.ts","all":false,"statementMap":{"0":{"start":{"line":1,"column":0},"end":{"line":1,"column":52}},"3":{"start":{"line":4,"column":0},"end":{"line":4,"column":33}},"4":{"start":{"line":5,"column":0},"end":{"line":5,"column":19}},"5":{"start":{"line":6,"column":0},"end":{"line":6,"column":18}},"6":{"start":{"line":7,"column":0},"end":{"line":7,"column":31}},"7":{"start":{"line":8,"column":0},"end":{"line":8,"column":23}},"8":{"start":{"line":9,"column":0},"end":{"line":9,"column":29}},"9":{"start":{"line":10,"column":0},"end":{"line":10,"column":36}},"10":{"start":{"line":11,"column":0},"end":{"line":11,"column":65}},"12":{"start":{"line":13,"column":0},"end":{"line":13,"column":34}},"13":{"start":{"line":14,"column":0},"end":{"line":14,"column":33}},"14":{"start":{"line":15,"column":0},"end":{"line":15,"column":32}},"17":{"start":{"line":18,"column":0},"end":{"line":18,"column":84}},"18":{"start":{"line":19,"column":0},"end":{"line":19,"column":20}},"19":{"start":{"line":20,"column":0},"end":{"line":20,"column":21}},"20":{"start":{"line":21,"column":0},"end":{"line":21,"column":25}},"21":{"start":{"line":22,"column":0},"end":{"line":22,"column":27}},"22":{"start":{"line":23,"column":0},"end":{"line":23,"column":25}},"23":{"start":{"line":24,"column":0},"end":{"line":24,"column":27}},"24":{"start":{"line":25,"column":0},"end":{"line":25,"column":69}},"25":{"start":{"line":26,"column":0},"end":{"line":26,"column":9}},"26":{"start":{"line":27,"column":0},"end":{"line":27,"column":5}},"29":{"start":{"line":30,"column":0},"end":{"line":30,"column":37}},"30":{"start":{"line":31,"column":0},"end":{"line":31,"column":70}},"31":{"start":{"line":32,"column":0},"end":{"line":32,"column":6}},"32":{"start":{"line":33,"column":0},"end":{"line":33,"column":21}},"33":{"start":{"line":34,"column":0},"end":{"line":34,"column":21}},"34":{"start":{"line":35,"column":0},"end":{"line":35,"column":25}},"35":{"start":{"line":36,"column":0},"end":{"line":36,"column":28}},"36":{"start":{"line":37,"column":0},"end":{"line":37,"column":25}},"37":{"start":{"line":38,"column":0},"end":{"line":38,"column":27}},"38":{"start":{"line":39,"column":0},"end":{"line":39,"column":69}},"39":{"start":{"line":40,"column":0},"end":{"line":40,"column":9}},"40":{"start":{"line":41,"column":0},"end":{"line":41,"column":5}},"43":{"start":{"line":44,"column":0},"end":{"line":44,"column":85}},"44":{"start":{"line":45,"column":0},"end":{"line":45,"column":21}},"45":{"start":{"line":46,"column":0},"end":{"line":46,"column":21}},"46":{"start":{"line":47,"column":0},"end":{"line":47,"column":22}},"47":{"start":{"line":48,"column":0},"end":{"line":48,"column":28}},"48":{"start":{"line":49,"column":0},"end":{"line":49,"column":25}},"49":{"start":{"line":50,"column":0},"end":{"line":50,"column":27}},"50":{"start":{"line":51,"column":0},"end":{"line":51,"column":69}},"51":{"start":{"line":52,"column":0},"end":{"line":52,"column":9}},"52":{"start":{"line":53,"column":0},"end":{"line":53,"column":5}},"55":{"start":{"line":56,"column":0},"end":{"line":56,"column":77}},"56":{"start":{"line":57,"column":0},"end":{"line":57,"column":25}},"57":{"start":{"line":58,"column":0},"end":{"line":58,"column":21}},"58":{"start":{"line":59,"column":0},"end":{"line":59,"column":26}},"59":{"start":{"line":60,"column":0},"end":{"line":60,"column":32}},"60":{"start":{"line":61,"column":0},"end":{"line":61,"column":25}},"61":{"start":{"line":62,"column":0},"end":{"line":62,"column":27}},"62":{"start":{"line":63,"column":0},"end":{"line":63,"column":69}},"63":{"start":{"line":64,"column":0},"end":{"line":64,"column":9}},"64":{"start":{"line":65,"column":0},"end":{"line":65,"column":5}},"67":{"start":{"line":68,"column":0},"end":{"line":68,"column":67}},"68":{"start":{"line":69,"column":0},"end":{"line":69,"column":20}},"69":{"start":{"line":70,"column":0},"end":{"line":70,"column":21}},"70":{"start":{"line":71,"column":0},"end":{"line":71,"column":21}},"71":{"start":{"line":72,"column":0},"end":{"line":72,"column":27}},"72":{"start":{"line":73,"column":0},"end":{"line":73,"column":25}},"73":{"start":{"line":74,"column":0},"end":{"line":74,"column":27}},"74":{"start":{"line":75,"column":0},"end":{"line":75,"column":69}},"75":{"start":{"line":76,"column":0},"end":{"line":76,"column":9}},"76":{"start":{"line":77,"column":0},"end":{"line":77,"column":5}},"79":{"start":{"line":80,"column":0},"end":{"line":80,"column":80}},"80":{"start":{"line":81,"column":0},"end":{"line":81,"column":22}},"81":{"start":{"line":82,"column":0},"end":{"line":82,"column":21}},"82":{"start":{"line":83,"column":0},"end":{"line":83,"column":23}},"83":{"start":{"line":84,"column":0},"end":{"line":84,"column":57}},"84":{"start":{"line":85,"column":0},"end":{"line":85,"column":31}},"85":{"start":{"line":86,"column":0},"end":{"line":86,"column":25}},"86":{"start":{"line":87,"column":0},"end":{"line":87,"column":27}},"87":{"start":{"line":88,"column":0},"end":{"line":88,"column":69}},"88":{"start":{"line":89,"column":0},"end":{"line":89,"column":9}},"89":{"start":{"line":90,"column":0},"end":{"line":90,"column":5}},"93":{"start":{"line":94,"column":0},"end":{"line":94,"column":43}},"94":{"start":{"line":95,"column":0},"end":{"line":95,"column":58}},"95":{"start":{"line":96,"column":0},"end":{"line":96,"column":6}},"96":{"start":{"line":97,"column":0},"end":{"line":97,"column":27}},"97":{"start":{"line":98,"column":0},"end":{"line":98,"column":76}},"98":{"start":{"line":99,"column":0},"end":{"line":99,"column":41}},"99":{"start":{"line":100,"column":0},"end":{"line":100,"column":21}},"100":{"start":{"line":101,"column":0},"end":{"line":101,"column":23}},"101":{"start":{"line":102,"column":0},"end":{"line":102,"column":20}},"102":{"start":{"line":103,"column":0},"end":{"line":103,"column":23}},"103":{"start":{"line":104,"column":0},"end":{"line":104,"column":28}},"104":{"start":{"line":105,"column":0},"end":{"line":105,"column":25}},"105":{"start":{"line":106,"column":0},"end":{"line":106,"column":27}},"106":{"start":{"line":107,"column":0},"end":{"line":107,"column":70}},"107":{"start":{"line":108,"column":0},"end":{"line":108,"column":28}},"108":{"start":{"line":109,"column":0},"end":{"line":109,"column":9}},"109":{"start":{"line":110,"column":0},"end":{"line":110,"column":5}},"112":{"start":{"line":113,"column":0},"end":{"line":113,"column":41}},"113":{"start":{"line":114,"column":0},"end":{"line":114,"column":62}},"114":{"start":{"line":115,"column":0},"end":{"line":115,"column":6}},"115":{"start":{"line":116,"column":0},"end":{"line":116,"column":25}},"116":{"start":{"line":117,"column":0},"end":{"line":117,"column":39}},"117":{"start":{"line":118,"column":0},"end":{"line":118,"column":39}},"118":{"start":{"line":119,"column":0},"end":{"line":119,"column":21}},"119":{"start":{"line":120,"column":0},"end":{"line":120,"column":23}},"120":{"start":{"line":121,"column":0},"end":{"line":121,"column":46}},"121":{"start":{"line":122,"column":0},"end":{"line":122,"column":23}},"122":{"start":{"line":123,"column":0},"end":{"line":123,"column":49}},"123":{"start":{"line":124,"column":0},"end":{"line":124,"column":25}},"124":{"start":{"line":125,"column":0},"end":{"line":125,"column":27}},"125":{"start":{"line":126,"column":0},"end":{"line":126,"column":70}},"126":{"start":{"line":127,"column":0},"end":{"line":127,"column":24}},"127":{"start":{"line":128,"column":0},"end":{"line":128,"column":9}},"128":{"start":{"line":129,"column":0},"end":{"line":129,"column":5}},"131":{"start":{"line":132,"column":0},"end":{"line":132,"column":73}},"132":{"start":{"line":133,"column":0},"end":{"line":133,"column":29}},"133":{"start":{"line":134,"column":0},"end":{"line":134,"column":47}},"134":{"start":{"line":135,"column":0},"end":{"line":135,"column":27}},"137":{"start":{"line":138,"column":0},"end":{"line":138,"column":70}},"138":{"start":{"line":139,"column":0},"end":{"line":139,"column":28}},"139":{"start":{"line":140,"column":0},"end":{"line":140,"column":49}},"140":{"start":{"line":141,"column":0},"end":{"line":141,"column":7}},"142":{"start":{"line":143,"column":0},"end":{"line":143,"column":21}},"143":{"start":{"line":144,"column":0},"end":{"line":144,"column":23}},"144":{"start":{"line":145,"column":0},"end":{"line":145,"column":19}},"145":{"start":{"line":146,"column":0},"end":{"line":146,"column":30}},"146":{"start":{"line":147,"column":0},"end":{"line":147,"column":25}},"147":{"start":{"line":148,"column":0},"end":{"line":148,"column":27}},"148":{"start":{"line":149,"column":0},"end":{"line":149,"column":70}},"149":{"start":{"line":150,"column":0},"end":{"line":150,"column":24}},"150":{"start":{"line":151,"column":0},"end":{"line":151,"column":25}},"151":{"start":{"line":152,"column":0},"end":{"line":152,"column":9}},"152":{"start":{"line":153,"column":0},"end":{"line":153,"column":5}},"153":{"start":{"line":154,"column":0},"end":{"line":154,"column":5}},"155":{"start":{"line":156,"column":0},"end":{"line":156,"column":10}},"156":{"start":{"line":157,"column":0},"end":{"line":157,"column":13}},"157":{"start":{"line":158,"column":0},"end":{"line":158,"column":13}},"158":{"start":{"line":159,"column":0},"end":{"line":159,"column":24}},"159":{"start":{"line":160,"column":0},"end":{"line":160,"column":15}},"160":{"start":{"line":161,"column":0},"end":{"line":161,"column":22}},"161":{"start":{"line":162,"column":0},"end":{"line":162,"column":21}},"162":{"start":{"line":163,"column":0},"end":{"line":163,"column":18}},"163":{"start":{"line":164,"column":0},"end":{"line":164,"column":16}},"164":{"start":{"line":165,"column":0},"end":{"line":165,"column":24}},"165":{"start":{"line":166,"column":0},"end":{"line":166,"column":6}},"166":{"start":{"line":167,"column":0},"end":{"line":167,"column":28}},"167":{"start":{"line":168,"column":0},"end":{"line":168,"column":4}},"168":{"start":{"line":169,"column":0},"end":{"line":169,"column":1}}},"s":{"0":1,"3":1,"4":357,"5":357,"6":357,"7":357,"8":357,"9":357,"10":357,"12":357,"13":422,"14":422,"17":422,"18":422,"19":106,"20":106,"21":106,"22":106,"23":106,"24":106,"25":106,"26":106,"29":422,"30":422,"31":422,"32":422,"33":7,"34":7,"35":7,"36":7,"37":7,"38":7,"39":7,"40":7,"43":422,"44":422,"45":12,"46":12,"47":12,"48":12,"49":12,"50":12,"51":12,"52":12,"55":422,"56":422,"57":7,"58":7,"59":7,"60":7,"61":7,"62":7,"63":7,"64":7,"67":422,"68":422,"69":4,"70":4,"71":4,"72":4,"73":4,"74":4,"75":4,"76":4,"79":422,"80":422,"81":5,"82":5,"83":5,"84":5,"85":5,"86":5,"87":5,"88":5,"89":5,"93":422,"94":422,"95":422,"96":422,"97":2,"98":2,"99":2,"100":2,"101":2,"102":2,"103":2,"104":2,"105":2,"106":2,"107":2,"108":2,"109":2,"112":422,"113":422,"114":422,"115":422,"116":2,"117":2,"118":2,"119":2,"120":2,"121":2,"122":2,"123":2,"124":2,"125":2,"126":2,"127":2,"128":2,"131":422,"132":422,"133":10,"134":10,"137":10,"138":10,"139":2,"140":2,"142":10,"143":10,"144":10,"145":10,"146":10,"147":10,"148":10,"149":10,"150":10,"151":10,"152":10,"153":357,"155":357,"156":357,"157":357,"158":357,"159":357,"160":357,"161":357,"162":357,"163":357,"164":357,"165":357,"166":357,"167":357,"168":357},"branchMap":{"0":{"type":"branch","line":4,"loc":{"start":{"line":4,"column":7},"end":{"line":169,"column":1}},"locations":[{"start":{"line":4,"column":7},"end":{"line":169,"column":1}}]},"1":{"type":"branch","line":11,"loc":{"start":{"line":11,"column":46},"end":{"line":11,"column":58}},"locations":[{"start":{"line":11,"column":46},"end":{"line":11,"column":58}}]},"2":{"type":"branch","line":13,"loc":{"start":{"line":13,"column":16},"end":{"line":154,"column":3}},"locations":[{"start":{"line":13,"column":16},"end":{"line":154,"column":3}}]},"3":{"type":"branch","line":19,"loc":{"start":{"line":19,"column":19},"end":{"line":27,"column":5}},"locations":[{"start":{"line":19,"column":19},"end":{"line":27,"column":5}}]},"4":{"type":"branch","line":33,"loc":{"start":{"line":33,"column":20},"end":{"line":41,"column":5}},"locations":[{"start":{"line":33,"column":20},"end":{"line":41,"column":5}}]},"5":{"type":"branch","line":45,"loc":{"start":{"line":45,"column":20},"end":{"line":53,"column":5}},"locations":[{"start":{"line":45,"column":20},"end":{"line":53,"column":5}}]},"6":{"type":"branch","line":57,"loc":{"start":{"line":57,"column":24},"end":{"line":65,"column":5}},"locations":[{"start":{"line":57,"column":24},"end":{"line":65,"column":5}}]},"7":{"type":"branch","line":69,"loc":{"start":{"line":69,"column":19},"end":{"line":77,"column":5}},"locations":[{"start":{"line":69,"column":19},"end":{"line":77,"column":5}}]},"8":{"type":"branch","line":81,"loc":{"start":{"line":81,"column":21},"end":{"line":90,"column":5}},"locations":[{"start":{"line":81,"column":21},"end":{"line":90,"column":5}}]},"9":{"type":"branch","line":97,"loc":{"start":{"line":97,"column":26},"end":{"line":110,"column":5}},"locations":[{"start":{"line":97,"column":26},"end":{"line":110,"column":5}}]},"10":{"type":"branch","line":116,"loc":{"start":{"line":116,"column":24},"end":{"line":129,"column":5}},"locations":[{"start":{"line":116,"column":24},"end":{"line":129,"column":5}}]},"11":{"type":"branch","line":121,"loc":{"start":{"line":121,"column":14},"end":{"line":121,"column":42}},"locations":[{"start":{"line":121,"column":14},"end":{"line":121,"column":42}}]},"12":{"type":"branch","line":121,"loc":{"start":{"line":121,"column":37},"end":{"line":121,"column":46}},"locations":[{"start":{"line":121,"column":37},"end":{"line":121,"column":46}}]},"13":{"type":"branch","line":123,"loc":{"start":{"line":123,"column":20},"end":{"line":123,"column":43}},"locations":[{"start":{"line":123,"column":20},"end":{"line":123,"column":43}}]},"14":{"type":"branch","line":123,"loc":{"start":{"line":123,"column":29},"end":{"line":123,"column":49}},"locations":[{"start":{"line":123,"column":29},"end":{"line":123,"column":49}}]},"15":{"type":"branch","line":133,"loc":{"start":{"line":133,"column":28},"end":{"line":153,"column":5}},"locations":[{"start":{"line":133,"column":28},"end":{"line":153,"column":5}}]},"16":{"type":"branch","line":139,"loc":{"start":{"line":139,"column":27},"end":{"line":141,"column":7}},"locations":[{"start":{"line":139,"column":27},"end":{"line":141,"column":7}}]}},"b":{"0":[357],"1":[321],"2":[422],"3":[106],"4":[7],"5":[12],"6":[7],"7":[4],"8":[5],"9":[2],"10":[2],"11":[1],"12":[1],"13":[1],"14":[1],"15":[10],"16":[2]},"fnMap":{"0":{"name":"analyzeFileBasic","decl":{"start":{"line":4,"column":7},"end":{"line":169,"column":1}},"loc":{"start":{"line":4,"column":7},"end":{"line":169,"column":1}},"line":4}},"f":{"0":357}}
,"/Users/zach/dev/ink-cli/packages/analysis/src/engine/parser/parser-utils.ts": {"path":"/Users/zach/dev/ink-cli/packages/analysis/src/engine/parser/parser-utils.ts","all":false,"statementMap":{"5":{"start":{"line":6,"column":0},"end":{"line":6,"column":32}},"6":{"start":{"line":7,"column":0},"end":{"line":7,"column":18}},"7":{"start":{"line":8,"column":0},"end":{"line":8,"column":21}},"8":{"start":{"line":9,"column":0},"end":{"line":9,"column":21}},"9":{"start":{"line":10,"column":0},"end":{"line":10,"column":18}},"10":{"start":{"line":11,"column":0},"end":{"line":11,"column":51}},"12":{"start":{"line":13,"column":0},"end":{"line":13,"column":41}},"13":{"start":{"line":14,"column":0},"end":{"line":14,"column":62}},"14":{"start":{"line":15,"column":0},"end":{"line":15,"column":75}},"16":{"start":{"line":17,"column":0},"end":{"line":17,"column":46}},"17":{"start":{"line":18,"column":0},"end":{"line":18,"column":31}},"19":{"start":{"line":20,"column":0},"end":{"line":20,"column":25}},"20":{"start":{"line":21,"column":0},"end":{"line":21,"column":22}},"21":{"start":{"line":22,"column":0},"end":{"line":22,"column":25}},"22":{"start":{"line":23,"column":0},"end":{"line":23,"column":9}},"23":{"start":{"line":24,"column":0},"end":{"line":24,"column":5}},"24":{"start":{"line":25,"column":0},"end":{"line":25,"column":3}},"26":{"start":{"line":27,"column":0},"end":{"line":27,"column":22}},"27":{"start":{"line":28,"column":0},"end":{"line":28,"column":1}}},"s":{"5":1,"6":397,"7":397,"8":397,"9":397,"10":397,"12":259,"13":259,"14":259,"16":387,"17":585,"19":407,"20":407,"21":407,"22":407,"23":407,"24":585,"26":259,"27":259},"branchMap":{"0":{"type":"branch","line":6,"loc":{"start":{"line":6,"column":7},"end":{"line":28,"column":1}},"locations":[{"start":{"line":6,"column":7},"end":{"line":28,"column":1}}]},"1":{"type":"branch","line":11,"loc":{"start":{"line":11,"column":7},"end":{"line":11,"column":41}},"locations":[{"start":{"line":11,"column":7},"end":{"line":11,"column":41}}]},"2":{"type":"branch","line":11,"loc":{"start":{"line":11,"column":41},"end":{"line":11,"column":51}},"locations":[{"start":{"line":11,"column":41},"end":{"line":11,"column":51}}]},"3":{"type":"branch","line":11,"loc":{"start":{"line":11,"column":49},"end":{"line":28,"column":1}},"locations":[{"start":{"line":11,"column":49},"end":{"line":28,"column":1}}]},"4":{"type":"branch","line":11,"loc":{"start":{"line":11,"column":49},"end":{"line":17,"column":45}},"locations":[{"start":{"line":11,"column":49},"end":{"line":17,"column":45}}]},"5":{"type":"branch","line":17,"loc":{"start":{"line":17,"column":45},"end":{"line":25,"column":3}},"locations":[{"start":{"line":17,"column":45},"end":{"line":25,"column":3}}]},"6":{"type":"branch","line":18,"loc":{"start":{"line":18,"column":30},"end":{"line":24,"column":5}},"locations":[{"start":{"line":18,"column":30},"end":{"line":24,"column":5}}]},"7":{"type":"branch","line":25,"loc":{"start":{"line":25,"column":2},"end":{"line":28,"column":1}},"locations":[{"start":{"line":25,"column":2},"end":{"line":28,"column":1}}]}},"b":{"0":[397],"1":[259],"2":[138],"3":[387],"4":[259],"5":[585],"6":[407],"7":[259]},"fnMap":{"0":{"name":"getContextLines","decl":{"start":{"line":6,"column":7},"end":{"line":28,"column":1}},"loc":{"start":{"line":6,"column":7},"end":{"line":28,"column":1}},"line":6}},"f":{"0":397}}
,"/Users/zach/dev/ink-cli/packages/analysis/src/engine/parser/rust-regex-parser.ts": {"path":"/Users/zach/dev/ink-cli/packages/analysis/src/engine/parser/rust-regex-parser.ts","all":false,"statementMap":{"0":{"start":{"line":1,"column":0},"end":{"line":1,"column":52}},"3":{"start":{"line":4,"column":0},"end":{"line":4,"column":32}},"4":{"start":{"line":5,"column":0},"end":{"line":5,"column":19}},"5":{"start":{"line":6,"column":0},"end":{"line":6,"column":18}},"6":{"start":{"line":7,"column":0},"end":{"line":7,"column":31}},"7":{"start":{"line":8,"column":0},"end":{"line":8,"column":23}},"8":{"start":{"line":9,"column":0},"end":{"line":9,"column":29}},"9":{"start":{"line":10,"column":0},"end":{"line":10,"column":36}},"10":{"start":{"line":11,"column":0},"end":{"line":11,"column":65}},"12":{"start":{"line":13,"column":0},"end":{"line":13,"column":34}},"13":{"start":{"line":14,"column":0},"end":{"line":14,"column":33}},"14":{"start":{"line":15,"column":0},"end":{"line":15,"column":32}},"17":{"start":{"line":18,"column":0},"end":{"line":18,"column":75}},"18":{"start":{"line":19,"column":0},"end":{"line":19,"column":20}},"19":{"start":{"line":20,"column":0},"end":{"line":20,"column":21}},"20":{"start":{"line":21,"column":0},"end":{"line":21,"column":25}},"21":{"start":{"line":22,"column":0},"end":{"line":22,"column":27}},"22":{"start":{"line":23,"column":0},"end":{"line":23,"column":25}},"23":{"start":{"line":24,"column":0},"end":{"line":24,"column":27}},"24":{"start":{"line":25,"column":0},"end":{"line":25,"column":70}},"25":{"start":{"line":26,"column":0},"end":{"line":26,"column":24}},"26":{"start":{"line":27,"column":0},"end":{"line":27,"column":9}},"27":{"start":{"line":28,"column":0},"end":{"line":28,"column":5}},"30":{"start":{"line":31,"column":0},"end":{"line":31,"column":68}},"31":{"start":{"line":32,"column":0},"end":{"line":32,"column":22}},"32":{"start":{"line":33,"column":0},"end":{"line":33,"column":21}},"33":{"start":{"line":34,"column":0},"end":{"line":34,"column":23}},"34":{"start":{"line":35,"column":0},"end":{"line":35,"column":29}},"35":{"start":{"line":36,"column":0},"end":{"line":36,"column":25}},"36":{"start":{"line":37,"column":0},"end":{"line":37,"column":27}},"37":{"start":{"line":38,"column":0},"end":{"line":38,"column":70}},"38":{"start":{"line":39,"column":0},"end":{"line":39,"column":24}},"39":{"start":{"line":40,"column":0},"end":{"line":40,"column":9}},"40":{"start":{"line":41,"column":0},"end":{"line":41,"column":5}},"43":{"start":{"line":44,"column":0},"end":{"line":44,"column":64}},"44":{"start":{"line":45,"column":0},"end":{"line":45,"column":20}},"45":{"start":{"line":46,"column":0},"end":{"line":46,"column":21}},"46":{"start":{"line":47,"column":0},"end":{"line":47,"column":21}},"47":{"start":{"line":48,"column":0},"end":{"line":48,"column":27}},"48":{"start":{"line":49,"column":0},"end":{"line":49,"column":25}},"49":{"start":{"line":50,"column":0},"end":{"line":50,"column":27}},"50":{"start":{"line":51,"column":0},"end":{"line":51,"column":70}},"51":{"start":{"line":52,"column":0},"end":{"line":52,"column":24}},"52":{"start":{"line":53,"column":0},"end":{"line":53,"column":9}},"53":{"start":{"line":54,"column":0},"end":{"line":54,"column":5}},"56":{"start":{"line":57,"column":0},"end":{"line":57,"column":66}},"57":{"start":{"line":58,"column":0},"end":{"line":58,"column":21}},"58":{"start":{"line":59,"column":0},"end":{"line":59,"column":21}},"59":{"start":{"line":60,"column":0},"end":{"line":60,"column":22}},"60":{"start":{"line":61,"column":0},"end":{"line":61,"column":28}},"61":{"start":{"line":62,"column":0},"end":{"line":62,"column":25}},"62":{"start":{"line":63,"column":0},"end":{"line":63,"column":27}},"63":{"start":{"line":64,"column":0},"end":{"line":64,"column":70}},"64":{"start":{"line":65,"column":0},"end":{"line":65,"column":24}},"65":{"start":{"line":66,"column":0},"end":{"line":66,"column":9}},"66":{"start":{"line":67,"column":0},"end":{"line":67,"column":5}},"69":{"start":{"line":70,"column":0},"end":{"line":70,"column":36}},"70":{"start":{"line":71,"column":0},"end":{"line":71,"column":55}},"71":{"start":{"line":72,"column":0},"end":{"line":72,"column":6}},"72":{"start":{"line":73,"column":0},"end":{"line":73,"column":20}},"73":{"start":{"line":74,"column":0},"end":{"line":74,"column":33}},"74":{"start":{"line":75,"column":0},"end":{"line":75,"column":32}},"75":{"start":{"line":76,"column":0},"end":{"line":76,"column":57}},"76":{"start":{"line":77,"column":0},"end":{"line":77,"column":21}},"77":{"start":{"line":78,"column":0},"end":{"line":78,"column":31}},"78":{"start":{"line":79,"column":0},"end":{"line":79,"column":19}},"79":{"start":{"line":80,"column":0},"end":{"line":80,"column":25}},"80":{"start":{"line":81,"column":0},"end":{"line":81,"column":27}},"81":{"start":{"line":82,"column":0},"end":{"line":82,"column":70}},"82":{"start":{"line":83,"column":0},"end":{"line":83,"column":24}},"83":{"start":{"line":84,"column":0},"end":{"line":84,"column":9}},"84":{"start":{"line":85,"column":0},"end":{"line":85,"column":5}},"87":{"start":{"line":88,"column":0},"end":{"line":88,"column":62}},"88":{"start":{"line":89,"column":0},"end":{"line":89,"column":19}},"89":{"start":{"line":90,"column":0},"end":{"line":90,"column":21}},"90":{"start":{"line":91,"column":0},"end":{"line":91,"column":23}},"91":{"start":{"line":92,"column":0},"end":{"line":92,"column":26}},"92":{"start":{"line":93,"column":0},"end":{"line":93,"column":25}},"93":{"start":{"line":94,"column":0},"end":{"line":94,"column":27}},"94":{"start":{"line":95,"column":0},"end":{"line":95,"column":70}},"95":{"start":{"line":96,"column":0},"end":{"line":96,"column":24}},"96":{"start":{"line":97,"column":0},"end":{"line":97,"column":9}},"97":{"start":{"line":98,"column":0},"end":{"line":98,"column":5}},"100":{"start":{"line":101,"column":0},"end":{"line":101,"column":52}},"101":{"start":{"line":102,"column":0},"end":{"line":102,"column":19}},"102":{"start":{"line":103,"column":0},"end":{"line":103,"column":69}},"103":{"start":{"line":104,"column":0},"end":{"line":104,"column":21}},"104":{"start":{"line":105,"column":0},"end":{"line":105,"column":23}},"105":{"start":{"line":106,"column":0},"end":{"line":106,"column":23}},"106":{"start":{"line":107,"column":0},"end":{"line":107,"column":25}},"107":{"start":{"line":108,"column":0},"end":{"line":108,"column":27}},"108":{"start":{"line":109,"column":0},"end":{"line":109,"column":70}},"109":{"start":{"line":110,"column":0},"end":{"line":110,"column":24}},"110":{"start":{"line":111,"column":0},"end":{"line":111,"column":9}},"111":{"start":{"line":112,"column":0},"end":{"line":112,"column":5}},"114":{"start":{"line":115,"column":0},"end":{"line":115,"column":66}},"115":{"start":{"line":116,"column":0},"end":{"line":116,"column":21}},"116":{"start":{"line":117,"column":0},"end":{"line":117,"column":21}},"117":{"start":{"line":118,"column":0},"end":{"line":118,"column":25}},"118":{"start":{"line":119,"column":0},"end":{"line":119,"column":28}},"119":{"start":{"line":120,"column":0},"end":{"line":120,"column":25}},"120":{"start":{"line":121,"column":0},"end":{"line":121,"column":27}},"121":{"start":{"line":122,"column":0},"end":{"line":122,"column":70}},"122":{"start":{"line":123,"column":0},"end":{"line":123,"column":24}},"123":{"start":{"line":124,"column":0},"end":{"line":124,"column":9}},"124":{"start":{"line
[...]
"column":13}},"31":{"start":{"line":32,"column":0},"end":{"line":32,"column":27}},"32":{"start":{"line":33,"column":0},"end":{"line":33,"column":19}},"33":{"start":{"line":34,"column":0},"end":{"line":34,"column":20}},"34":{"start":{"line":35,"column":0},"end":{"line":35,"column":19}},"35":{"start":{"line":36,"column":0},"end":{"line":36,"column":22}},"36":{"start":{"line":37,"column":0},"end":{"line":37,"column":5}},"37":{"start":{"line":38,"column":0},"end":{"line":38,"column":5}},"39":{"start":{"line":40,"column":0},"end":{"line":40,"column":44}},"40":{"start":{"line":41,"column":0},"end":{"line":41,"column":42}},"41":{"start":{"line":42,"column":0},"end":{"line":42,"column":5}},"43":{"start":{"line":44,"column":0},"end":{"line":44,"column":36}},"44":{"start":{"line":45,"column":0},"end":{"line":45,"column":1}}},"s":{"0":1,"1":1,"3":1,"4":2,"5":2,"6":2,"7":2,"8":2,"9":2,"10":2,"11":2,"12":2,"13":2,"14":2,"15":2,"17":1,"18":2,"19":2,"20":2,"21":2,"22":2,"24":1,"26":5,"27":5,"29":5,"30":5,"31":5,"32":5,"33":5,"34":5,"35":5,"36":5,"37":5,"39":5,"40":5,"41":5,"43":5,"44":5},"branchMap":{"0":{"type":"branch","line":4,"loc":{"start":{"line":4,"column":7},"end":{"line":16,"column":1}},"locations":[{"start":{"line":4,"column":7},"end":{"line":16,"column":1}}]},"1":{"type":"branch","line":18,"loc":{"start":{"line":18,"column":7},"end":{"line":23,"column":1}},"locations":[{"start":{"line":18,"column":7},"end":{"line":23,"column":1}}]},"2":{"type":"branch","line":25,"loc":{"start":{"line":25,"column":7},"end":{"line":45,"column":1}},"locations":[{"start":{"line":25,"column":7},"end":{"line":45,"column":1}}]}},"b":{"0":[2],"1":[2],"2":[5]},"fnMap":{"0":{"name":"getTypescriptFiles","decl":{"start":{"line":4,"column":7},"end":{"line":16,"column":1}},"loc":{"start":{"line":4,"column":7},"end":{"line":16,"column":1}},"line":4},"1":{"name":"getRustFiles","decl":{"start":{"line":18,"column":7},"end":{"line":23,"column":1}},"loc":{"start":{"line":18,"column":7},"end":{"line":23,"column":1}},"line":18},"2":{"name":"getCodeFiles","decl":{"start":{"line":25,"column":7},"end":{"line":45,"column":1}},"loc":{"start":{"line":25,"column":7},"end":{"line":45,"column":1}},"line":25}},"f":{"0":2,"1":2,"2":5}}
,"/Users/zach/dev/ink-cli/packages/analysis/src/utils/logger.ts": {"path":"/Users/zach/dev/ink-cli/packages/analysis/src/utils/logger.ts","all":false,"statementMap":{"0":{"start":{"line":1,"column":0},"end":{"line":1,"column":25}},"1":{"start":{"line":2,"column":0},"end":{"line":2,"column":29}},"2":{"start":{"line":3,"column":0},"end":{"line":3,"column":25}},"10":{"start":{"line":11,"column":0},"end":{"line":11,"column":46}},"11":{"start":{"line":12,"column":0},"end":{"line":12,"column":11}},"12":{"start":{"line":13,"column":0},"end":{"line":13,"column":10}},"13":{"start":{"line":14,"column":0},"end":{"line":14,"column":10}},"14":{"start":{"line":15,"column":0},"end":{"line":15,"column":10}},"15":{"start":{"line":16,"column":0},"end":{"line":16,"column":2}},"17":{"start":{"line":18,"column":0},"end":{"line":18,"column":21}},"18":{"start":{"line":19,"column":0},"end":{"line":19,"column":67}},"19":{"start":{"line":20,"column":0},"end":{"line":20,"column":63}},"20":{"start":{"line":21,"column":0},"end":{"line":21,"column":55}},"21":{"start":{"line":22,"column":0},"end":{"line":22,"column":33}},"22":{"start":{"line":23,"column":0},"end":{"line":23,"column":55}},"24":{"start":{"line":25,"column":0},"end":{"line":25,"column":10}},"26":{"start":{"line":27,"column":0},"end":{"line":27,"column":32}},"27":{"start":{"line":28,"column":0},"end":{"line":28,"column":32}},"28":{"start":{"line":29,"column":0},"end":{"line":29,"column":3}},"30":{"start":{"line":31,"column":0},"end":{"line":31,"column":45}},"31":{"start":{"line":32,"column":0},"end":{"line":32,"column":75}},"32":{"start":{"line":33,"column":0},"end":{"line":33,"column":57}},"33":{"start":{"line":34,"column":0},"end":{"line":34,"column":41}},"35":{"start":{"line":36,"column":0},"end":{"line":36,"column":23}},"36":{"start":{"line":37,"column":0},"end":{"line":37,"column":15}},"37":{"start":{"line":38,"column":0},"end":{"line":38,"column":74}},"38":{"start":{"line":39,"column":0},"end":{"line":39,"column":8}},"39":{"start":{"line":40,"column":0},"end":{"line":40,"column":56}},"40":{"start":{"line":41,"column":0},"end":{"line":41,"column":40}},"41":{"start":{"line":42,"column":0},"end":{"line":42,"column":23}},"42":{"start":{"line":43,"column":0},"end":{"line":43,"column":15}},"43":{"start":{"line":44,"column":0},"end":{"line":44,"column":61}},"44":{"start":{"line":45,"column":0},"end":{"line":45,"column":8}},"45":{"start":{"line":46,"column":0},"end":{"line":46,"column":5}},"46":{"start":{"line":47,"column":0},"end":{"line":47,"column":3}},"48":{"start":{"line":49,"column":0},"end":{"line":49,"column":45}},"49":{"start":{"line":50,"column":0},"end":{"line":50,"column":9}},"50":{"start":{"line":51,"column":0},"end":{"line":51,"column":42}},"51":{"start":{"line":52,"column":0},"end":{"line":52,"column":57}},"52":{"start":{"line":53,"column":0},"end":{"line":53,"column":7}},"53":{"start":{"line":54,"column":0},"end":{"line":54,"column":21}},"55":{"start":{"line":56,"column":0},"end":{"line":56,"column":62}},"56":{"start":{"line":57,"column":0},"end":{"line":57,"column":5}},"57":{"start":{"line":58,"column":0},"end":{"line":58,"column":3}},"59":{"start":{"line":60,"column":0},"end":{"line":60,"column":44}},"61":{"start":{"line":62,"column":0},"end":{"line":62,"column":75}},"62":{"start":{"line":63,"column":0},"end":{"line":63,"column":13}},"63":{"start":{"line":64,"column":0},"end":{"line":64,"column":5}},"65":{"start":{"line":66,"column":0},"end":{"line":66,"column":9}},"66":{"start":{"line":67,"column":0},"end":{"line":67,"column":43}},"67":{"start":{"line":68,"column":0},"end":{"line":68,"column":15}},"68":{"start":{"line":69,"column":0},"end":{"line":69,"column":7}},"70":{"start":{"line":71,"column":0},"end":{"line":71,"column":48}},"71":{"start":{"line":72,"column":0},"end":{"line":72,"column":44}},"73":{"start":{"line":74,"column":0},"end":{"line":74,"column":58}},"74":{"start":{"line":75,"column":0},"end":{"line":75,"column":67}},"75":{"start":{"line":76,"column":0},"end":{"line":76,"column":71}},"77":{"start":{"line":78,"column":0},"end":{"line":78,"column":39}},"78":{"start":{"line":79,"column":0},"end":{"line":79,"column":47}},"79":{"start":{"line":80,"column":0},"end":{"line":80,"column":54}},"80":{"start":{"line":81,"column":0},"end":{"line":81,"column":20}},"81":{"start":{"line":82,"column":0},"end":{"line":82,"column":46}},"82":{"start":{"line":83,"column":0},"end":{"line":83,"column":13}},"83":{"start":{"line":84,"column":0},"end":{"line":84,"column":11}},"84":{"start":{"line":85,"column":0},"end":{"line":85,"column":9}},"87":{"start":{"line":88,"column":0},"end":{"line":88,"column":66}},"88":{"start":{"line":89,"column":0},"end":{"line":89,"column":51}},"89":{"start":{"line":90,"column":0},"end":{"line":90,"column":7}},"90":{"start":{"line":91,"column":0},"end":{"line":91,"column":21}},"92":{"start":{"line":93,"column":0},"end":{"line":93,"column":5}},"93":{"start":{"line":94,"column":0},"end":{"line":94,"column":3}},"95":{"start":{"line":96,"column":0},"end":{"line":96,"column":83}},"96":{"start":{"line":97,"column":0},"end":{"line":97,"column":66}},"97":{"start":{"line":98,"column":0},"end":{"line":98,"column":13}},"98":{"start":{"line":99,"column":0},"end":{"line":99,"column":5}},"99":{"start":{"line":100,"column":0},"end":{"line":100,"column":9}},"100":{"start":{"line":101,"column":0},"end":{"line":101,"column":33}},"102":{"start":{"line":103,"column":0},"end":{"line":103,"column":49}},"103":{"start":{"line":104,"column":0},"end":{"line":104,"column":30}},"104":{"start":{"line":105,"column":0},"end":{"line":105,"column":24}},"105":{"start":{"line":106,"column":0},"end":{"line":106,"column":18}},"106":{"start":{"line":107,"column":0},"end":{"line":107,"column":14}},"107":{"start":{"line":108,"column":0},"end":{"line":108,"column":12}},"108":{"start":{"line":109,"column":0},"end":{"line":109,"column":16}},"109":{"start":{"line":110,"column":0},"end":{"line":110,"column":31}},"110":{"start":{"line":111,"column":0},"end":{"line":111,"column":8}},"112":{"start":{"line":113,"column":0},"end":{"line":113,"column":54}},"113":{"start":{"line":114,"column":0},"end":{"line":114,"column":49}},"114":{"start":{"line":115,"column":0},"end":{"line":115,"column":21}},"116":{"start":{"line":117,"column":0},"end":{"line":117,"column":59}},"117":{"start":{"line":118,"column":0},"end":{"line":118,"column":50}},"118":{"start":{"line":119,"column":0},"end":{"line":119,"column":30}},"119":{"start":{"line":120,"column":0},"end":{"line":120,"column":48}},"120":{"start":{"line":121,"column":0},"end":{"line":121,"column":36}},"121":{"start":{"line":122,"column":0},"end":{"line":122,"column":47}},"122":{"start":{"line":123,"column":0},"end":{"line":123,"column":14}},"123":{"start":{"line":124,"column":0},"end":{"line":124,"column":46}},"124":{"start":{"line":125,"column":0},"end":{"line":125,"column":7}},"125":{"start":{"line":126,"column":0},"end":{"line":126,"column":5}},"126":{"start":{"line":127,"column":0},"end":{"line":127,"column":3}},"128":{"start":{"line":129,"column":0},"end":{"line":129,"column":61}},"129":{"start":{"line":130,"column":0},"end":{"line":130,"column":50}},"130":{"start":{"line":131,"column":0},"end":{"line":131,"column":3}},"132":{"start":{"line":133,"column":0},"end":{"line":133,"column":60}},"133":{"start":{"line":134,"column":0},"end":{"line":134,"column":49}},"134":{"start":{"line":135,"column":0},"end":{"line":135,"column":3}},"136":{"start":{"line":137,"column":0},"end":{"line":137,"column":60}},"137":{"start":{"line":138,"column":0},"end":{"line":138,"column":49}},"138":{"start":{"line":139,"column":0},"end":{"line":139,"column":3}},"140":{"start":{"line":141,"column":0},"end":{"line":141,"column":85}},"141":{"start":{"line":142,"column":0},"end":{"line":142,"column":21}},"142":{"start":{"line":143,"column":0},"end":{"line":143,"column":28}},"143":{"start":{"line":144,"column":0},"end":{"line":144,"column":11}},"144":{"start":{"line":145,"column":0},"end":{"line":145,"column":35}},"145":{"start":{"line":146,"column":0},"end":{"line":146,"column":31}},"146":{"start":{"line":147,"column":0},"end":{"line":147,"column":28}},"147":{"start":{"line":148,"column":0},"end":{"line":148,"column":11}},"148":{"start":{"line":149,"column":0},"end":{"line":149,"column":16}},"150":{"start":{"line":151,"column":0},"end":{"line":151,"column":42}},"151":{"start":{"line":152,"column":0},"end":{"line":152,"column":23}},"152":{"start":{"line":153,"column":0},"end":{"line":153,"column":16}},"153":{"start":{"line":154,"column":0},"end":{"line":154,"column":7}},"154":{"start":{"line":155,"column":0},"end":{"line":155,"column":3}},"156":{"start":{"line":157,"column":0},"end":{"line":157,"column":31}},"157":{"start":{"line":158,"column":0},"end":{"line":158,"column":26}},"158":{"start":{"line":159,"column":0},"end":{"line":159,"column":3}},"160":{"start":{"line":161,"column":0},"end":{"line":161,"column":30}},"161":{"start":{"line":162,"column":0},"end":{"line":162,"column":25}},"162":{"start":{"line":163,"column":0},"end":{"line":163,"column":3}},"163":{"start":{"line":164,"column":0},"end":{"line":164,"column":1}},"165":{"start":{"line":166,"column":0},"end":{"line":166,"column":22}}},"s":{"0":1,"1":1,"2":1,"10":1,"11":1,"12":1,"13":1,"14":1,"15":1,"17":1,"18":1,"19":22,"20":22,"21":22,"22":22,"24":22,"26":22,"27":22,"28":22,"30":1,"31":22,"32":22,"33":4,"35":4,"36":4,"37":4,"38":4,"39":22,"40":1,"41":1,"42":1,"43":1,"44":1,"45":1,"46":22,"48":1,"49":22,"50":22,"51":21,"52":21,"53":22,"55":0,"56":0,"57":22,"59":1,"61":12,"62":12,"63":12,"65":0,"66":0,"67":0,"68":0,"70":0,"71":0,"73":0,"74":0,"75":0,"77":0,"78":0,"79":0,"80":0,"81":0,"82":0,"83":0,"84":0,"87":0,"88":0,"89":0,"90":12,"92":0,"93":12,"95":1,"96":13,"97":1,"98":1,"99":12,"100":12,"102":12,"103":12,"104":12,"105":12,"106":12,"107":12,"108":12,"109":13,"110":13,"112":13,"113":13,"114":13,"116":1,"117":1,"118":1,"119":0,"120":1,"121":0,"122":1,"123":1,"124":1,"125":1,"126":13,"128":1,"129":2,"130":2,"132":1,"133":3,"134":3,"136":1,"137":1,"138":1,"140":1,"141":2,"142":2,"143":1,"144":1,"145":1,"146":1,"147":1,"148":1,"150":2,"151":2,"152":2,"153":2,"154":2,"156":1,"157":1,"158":1,"160":1,"161":1,"162":1,"163":1,"165":1},"branchMap":{"0":{"type":"branch","line":19,"loc":{"start":{"line":19,"column":2},"end":{"line":29,"column":3}},"locations":[{"start":{"line":19,"column":2},"end":{"line":29,"column":3}}]},"1":{"type":"branch","line":31,"loc":{"start":{"line":31,"column":17},"end":{"line":47,"column":3}},"locations":[{"start":{"line":31,"column":17},"end":{"line":47,"column":3}}]},"2":{"type":"branch","line":32,"loc":{"start":{"line":32,"column":33},"end":{"line":32,"column":61}},"locations":[{"start":{"line":32,"column":33},"end":{"line":32,"column":61}}]},"3":{"type":"branch","line":33,"loc":{"start":{"line":33,"column":8},"end":{"line":33,"column":56}},"locations":[{"start":{"line":33,"column":8},"end":{"line":33,"column":56}}]},"4":{"type":"branch","line":33,"loc":{"start":{"line":33,"column":56},"end":{"line":40,"column":15}},"locations":[{"start":{"line":33,"column":56},"end":{"line":40,"column":15}}]},"5":{"type":"branch","line":40,"loc":{"start":{"line":40,"column":4},"end":{"line":46,"column":5}},"locations":[{"start":{"line":40,"column":4},"end":{"line":46,"column":5}}]},"6":{"type":"branch","line":40,"loc":{"start":{"line":40,"column":55},"end":{"line":46,"column":5}},"locations":[{"start":{"line":40,"column":55},"end":{"line":46,"column":5}}]},"7":{"type":"branch","line":49,"loc":{"start":{"line":49,"column":17},"end":{"line":58,"column":3}},"locations":[{"start":{"line":49,"column":17},"end":{"line":58,"column":3}}]},"8":{"type":"branch","line":51,"loc":{"start":{"line":51,"column":41},"end":{"line":53,"column":7}},"locations":[{"start":{"line":51,"column":41},"end":{"line":53,"column":7}}]},"9":{"type":"branch","line":54,"loc":{"start":{"line":54,"column":4},"end":{"line":57,"column":5}},"locations":[{"start":{"line":54,"column":4},"end":{"line":57,"column":5}}]},"10":{"type":"branch","line":60,"loc":{"start":{"line":60,"column":17},"end":{"line":94,"column":3}},"locations":[{"start":{"line":60,"column":17},"end":{"line":94,"column":3}}]},"11":{"type":"branch","line":62,"loc":{"start":{"line":62,"column":33},"end":{"line":62,"column":74}},"locations":[{"start":{"line":62,"column":33},"end":{"line":62,"column":74}}]},"12":{"type":"branch","line":64,"loc":{"start":{"line":64,"column":4},"end":{"line":90,"column":7}},"locations":[{"start":{"line":64,"column":4},"end":{"line":90,"column":7}}]},"13":{"type":"branch","line":91,"loc":{"start":{"line":91,"column":4},"end":{"line":93,"column":5}},"locations":[{"start":{"line":91,"column":4},"end":{"line":93,"column":5}}]},"14":{"type":"branch","line":96,"loc":{"start":{"line":96,"column":17},"end":{"line":127,"column":3}},"locations":[{"start":{"line":96,"column":17},"end":{"line":127,"column":3}}]},"15":{"type":"branch","line":97,"loc":{"start":{"line":97,"column":65},"end":{"line":99,"column":5}},"locations":[{"start":{"line":97,"column":65},"end":{"line":99,"column":5}}]},"16":{"type":"branch","line":99,"loc":{"start":{"line":99,"column":4},"end":{"line":110,"column":21}},"locations":[{"start":{"line":99,"column":4},"end":{"line":110,"column":21}}]},"17":{"type":"branch","line":110,"loc":{"start":{"line":110,"column":12},"end":{"line":110,"column":31}},"locations":[{"start":{"line":110,"column":12},"end":{"line":110,"column":31}}]},"18":{"type":"branch","line":115,"loc":{"start":{"line":115,"column":4},"end":{"line":126,"column":5}},"locations":[{"start":{"line":115,"column":4},"end":{"line":126,"column":5}}]},"19":{"type":"branch","line":119,"loc":{"start":{"line":119,"column":29},"end":{"line":121,"column":17}},"locations":[{"start":{"line":119,"column":29},"end":{"line":121,"column":17}}]},"20":{"type":"branch","line":121,"loc":{"start":{"line":121,"column":35},"end":{"line":123,"column":13}},"locations":[{"start":{"line":121,"column":35},"end":{"line":123,"column":13}}]},"21":{"type":"branch","line":129,"loc":{"start":{"line":129,"column":9},"end":{"line":131,"column":3}},"locations":[{"start":{"line":129,"column":9},"end":{"line":131,"column":3}}]},"22":{"type":"branch","line":133,"loc":{"start":{"line":133,"column":9},"end":{"line":135,"column":3}},"locations":[{"start":{"line":133,"column":9},"end":{"line":135,"column":3}}]},"23":{"type":"branch","line":137,"loc":{"start":{"line":137,"column":9},"end":{"line":139,"column":3}},"locations":[{"start":{"line":137,"column":9},"end":{"line":139,"column":3}}]},"24":{"type":"branch","line":141,"loc":{"start":{"line":141,"column":9},"end":{"line":155,"column":3}},"locations":[{"start":{"line":141,"column":9},"end":{"line":155,"column":3}}]},"25":{"type":"branch","line":143,"loc":{"start":{"line":143,"column":23},"end":{"line":148,"column":11}},"locations":[{"start":{"line":143,"column":23},"end":{"line":148,"column":11}}]},"26":{"type":"branch","line":148,"loc":{"start":{"line":148,"column":10},"end":{"line":149,"column":16}},"locations":[{"start":{"line":148,"column":10},"end":{"line":149,"column":16}}]},"27":{"type":"branch","line":157,"loc":{"start":{"line":157,"column":9},"end":{"line":159,"column":3}},"locations":[{"start":{"line":157,"column":9},"end":{"line":159,"column":3}}]},"28":{"type":"branch","line":161,"loc":{"start":{"line":161,"column":9},"end":{"line":163,"column":3}},"locations":[{"start":{"line":161,"column":9},"end":{"line":163,"column":3}}]}},"b":{"0":[22],"1":[22],"2":[4],"3":[4],"4":[4],"5":[18],"6":[1],"7":[22],"8":[21],"9":[0],"10":[12],"11":[1],"12":[0],"13":[0],"14":[13],"15":[1],"16":[12],"17":[3],"18":[1],"19":[0],"20":[0],"21":[2],"22":[3],"23":[1],"24":[2],"25":[1],"26":[1],"27":[1],"28":[1]},"fnMap":{"0":{"name":"<static_initializer>","decl":{"start":{"line":19,"column":2},"end":{"line":29,"column":3}},"loc":{"start":{"line":19,"column":2},"end":{"line":29,"column":3}},"line":19},"1":{"name":"setLogLevelFromEnv","decl":{"start":{"line":31,"column":17},"end":{"line":47,"column":3}},"loc":{"start":{"line":31,"column":17},"end":{"line":47,"column":3}},"line":31},"2":{"name":"ensureLogDirectory","decl":{"start":{"line":49,"column":17},"end":{"line":58,"column":3}},"loc":{"start":{"line":49,"column":17},"end":{"line":58,"column":3}},"line":49},"3":{"name":"rotateLogIfNeeded","decl":{"start":{"line":60,"column":17},"end":{"line":94,"column":3}},"loc":{"start":{"line":60,"column":17},"end":{"line":94,"column":3}},"line":60},"4":{"name":"writeToFile","decl":{"start":{"line":96,"column":17},"end":{"line":127,"column":3}},"loc":{"start":{"line":96,"column":17},"end":{"line":127,"column":3}},"line":96},"5":{"name":"debug","decl":{"start":{"line":129,"column":9},"end":{"line":131,"column":3}},"loc":{"start":{"line":129,"column":9},"end":{"line":131,"column":3}},"line":129},"6":{"name":"info","decl":{"start":{"line":133,"column":9},"end":{"line":135,"column":3}},"loc":{"start":{"line":133,"column":9},"end":{"line":135,"column":3}},"line":133},"7":{"name":"warn","decl":{"start":{"line":137,"column":9},"end":{"line":139,"column":3}},"loc":{"start":{"line":137,"column":9},"end":{"line":139,"column":3}},"line":137},"8":{"name":"error","decl":{"start":{"line":141,"column":9},"end":{"line":155,"column":3}},"loc":{"start":{"line":141,"column":9},"end":{"line":155,"column":3}},"line":141},"9":{"name":"getLogPath","decl":{"start":{"line":157,"column":9},"end":{"line":159,"column":3}},"loc":{"start":{"line":157,"column":9},"end":{"line":159,"column":3}},"line":157},"10":{"name":"getLogDir","decl":{"start":{"line":161,"column":9},"end":{"line":163,"column":3}},"loc":{"start":{"line":161,"column":9},"end":{"line":163,"column":3}},"line":161}},"f":{"0":22,"1":22,"2":22,"3":12,"4":13,"5":2,"6":3,"7":1,"8":2,"9":1,"10":1}}
}
